	.text
	.syntax unified
	.eabi_attribute	67, "2.09"	@ Tag_conformance
	.cpu	cortex-m23
	.eabi_attribute	6, 16	@ Tag_CPU_arch
	.eabi_attribute	7, 77	@ Tag_CPU_arch_profile
	.eabi_attribute	8, 0	@ Tag_ARM_ISA_use
	.eabi_attribute	9, 3	@ Tag_THUMB_ISA_use
	.eabi_attribute	34, 0	@ Tag_CPU_unaligned_access
	.eabi_attribute	17, 1	@ Tag_ABI_PCS_GOT_use
	.eabi_attribute	20, 2	@ Tag_ABI_FP_denormal
	.eabi_attribute	21, 0	@ Tag_ABI_FP_exceptions
	.eabi_attribute	23, 1	@ Tag_ABI_FP_number_model
	.eabi_attribute	24, 1	@ Tag_ABI_align_needed
	.eabi_attribute	25, 1	@ Tag_ABI_align_preserved
	.eabi_attribute	38, 1	@ Tag_ABI_FP_16bit_format
	.eabi_attribute	18, 2	@ Tag_ABI_PCS_wchar_t
	.eabi_attribute	26, 1	@ Tag_ABI_enum_size
	.eabi_attribute	14, 0	@ Tag_ABI_PCS_R9_use
	.file	"gpio.c"
	.section	.text.GPIO_SetMode,"ax",%progbits
	.hidden	GPIO_SetMode            @ -- Begin function GPIO_SetMode
	.globl	GPIO_SetMode
	.p2align	1
	.type	GPIO_SetMode,%function
	.code	16                      @ @GPIO_SetMode
	.thumb_func
GPIO_SetMode:
.Lfunc_begin0:
	.file	1 "../../../Library/StdDriver/src" "gpio.c"
	.loc	1 45 0                  @ ../../../Library/StdDriver/src/gpio.c:45:0
	.fnstart
	.cfi_sections .debug_frame
	.cfi_startproc
@ %bb.0:
	.save	{r4, r5, r7, lr}
	push	{r4, r5, r7, lr}
	.cfi_def_cfa_offset 16
	.cfi_offset lr, -4
	.cfi_offset r7, -8
	.cfi_offset r5, -12
	.cfi_offset r4, -16
	.pad	#28
	sub	sp, #28
	.cfi_def_cfa_offset 44
	mov	r3, r2
	mov	r4, r1
	mov	r5, r0
	str	r0, [sp, #24]
	str	r1, [sp, #20]
	str	r2, [sp, #16]
	movs	r0, #0
.Ltmp0:
	.loc	1 48 11 prologue_end    @ ../../../Library/StdDriver/src/gpio.c:48:11
	str	r0, [sp, #12]
	.loc	1 48 9 is_stmt 0        @ ../../../Library/StdDriver/src/gpio.c:48:9
	str	r3, [sp, #8]            @ 4-byte Spill
	str	r4, [sp, #4]            @ 4-byte Spill
	str	r5, [sp]                @ 4-byte Spill
	b	.LBB0_1
.LBB0_1:                                @ =>This Inner Loop Header: Depth=1
.Ltmp1:
	.loc	1 48 16                 @ ../../../Library/StdDriver/src/gpio.c:48:16
	ldr	r0, [sp, #12]
.Ltmp2:
	.loc	1 48 5                  @ ../../../Library/StdDriver/src/gpio.c:48:5
	cmp	r0, #15
	bhi	.LBB0_6
	b	.LBB0_2
.LBB0_2:                                @   in Loop: Header=BB0_1 Depth=1
.Ltmp3:
	.loc	1 50 12 is_stmt 1       @ ../../../Library/StdDriver/src/gpio.c:50:12
	ldr	r0, [sp, #20]
	.loc	1 50 31 is_stmt 0       @ ../../../Library/StdDriver/src/gpio.c:50:31
	ldr	r1, [sp, #12]
	.loc	1 50 28                 @ ../../../Library/StdDriver/src/gpio.c:50:28
	movs	r2, #1
	lsls	r2, r1
.Ltmp4:
	.loc	1 50 12                 @ ../../../Library/StdDriver/src/gpio.c:50:12
	tst	r0, r2
	beq	.LBB0_4
	b	.LBB0_3
.LBB0_3:                                @   in Loop: Header=BB0_1 Depth=1
.Ltmp5:
	.loc	1 52 27 is_stmt 1       @ ../../../Library/StdDriver/src/gpio.c:52:27
	ldr	r0, [sp, #24]
	.loc	1 52 33 is_stmt 0       @ ../../../Library/StdDriver/src/gpio.c:52:33
	ldr	r0, [r0]
	.loc	1 52 50                 @ ../../../Library/StdDriver/src/gpio.c:52:50
	ldr	r1, [sp, #12]
	.loc	1 52 52                 @ ../../../Library/StdDriver/src/gpio.c:52:52
	lsls	r1, r1, #1
	.loc	1 52 46                 @ ../../../Library/StdDriver/src/gpio.c:52:46
	movs	r2, #3
	lsls	r2, r1
	.loc	1 52 38                 @ ../../../Library/StdDriver/src/gpio.c:52:38
	bics	r0, r2
	.loc	1 52 63                 @ ../../../Library/StdDriver/src/gpio.c:52:63
	ldr	r2, [sp, #16]
	.loc	1 52 71                 @ ../../../Library/StdDriver/src/gpio.c:52:71
	lsls	r2, r1
	.loc	1 52 60                 @ ../../../Library/StdDriver/src/gpio.c:52:60
	orrs	r0, r2
	.loc	1 52 13                 @ ../../../Library/StdDriver/src/gpio.c:52:13
	ldr	r1, [sp, #24]
	.loc	1 52 24                 @ ../../../Library/StdDriver/src/gpio.c:52:24
	str	r0, [r1]
	.loc	1 53 9 is_stmt 1        @ ../../../Library/StdDriver/src/gpio.c:53:9
	b	.LBB0_4
.Ltmp6:
.LBB0_4:                                @   in Loop: Header=BB0_1 Depth=1
	.loc	1 54 5                  @ ../../../Library/StdDriver/src/gpio.c:54:5
	b	.LBB0_5
.Ltmp7:
.LBB0_5:                                @   in Loop: Header=BB0_1 Depth=1
	.loc	1 48 35                 @ ../../../Library/StdDriver/src/gpio.c:48:35
	ldr	r0, [sp, #12]
	adds	r0, r0, #1
	str	r0, [sp, #12]
	.loc	1 48 5 is_stmt 0        @ ../../../Library/StdDriver/src/gpio.c:48:5
	b	.LBB0_1
.Ltmp8:
.LBB0_6:
	.loc	1 55 1 is_stmt 1        @ ../../../Library/StdDriver/src/gpio.c:55:1
	add	sp, #28
	pop	{r4, r5, r7, pc}
.Ltmp9:
.Lfunc_end0:
	.size	GPIO_SetMode, .Lfunc_end0-GPIO_SetMode
	.cfi_endproc
	.cantunwind
	.fnend
                                        @ -- End function
	.section	.text.GPIO_EnableInt,"ax",%progbits
	.hidden	GPIO_EnableInt          @ -- Begin function GPIO_EnableInt
	.globl	GPIO_EnableInt
	.p2align	1
	.type	GPIO_EnableInt,%function
	.code	16                      @ @GPIO_EnableInt
	.thumb_func
GPIO_EnableInt:
.Lfunc_begin1:
	.loc	1 79 0                  @ ../../../Library/StdDriver/src/gpio.c:79:0
	.fnstart
	.cfi_startproc
@ %bb.0:
	.save	{r4, r5, r7, lr}
	push	{r4, r5, r7, lr}
	.cfi_def_cfa_offset 16
	.cfi_offset lr, -4
	.cfi_offset r7, -8
	.cfi_offset r5, -12
	.cfi_offset r4, -16
	.pad	#24
	sub	sp, #24
	.cfi_def_cfa_offset 40
	mov	r3, r2
	mov	r4, r1
	mov	r5, r0
	str	r0, [sp, #20]
	str	r1, [sp, #16]
	str	r2, [sp, #12]
	add	r0, sp, #12
.Ltmp10:
	.loc	1 81 25 prologue_end    @ ../../../Library/StdDriver/src/gpio.c:81:25
	ldrb	r0, [r0, #3]
	.loc	1 81 59 is_stmt 0       @ ../../../Library/StdDriver/src/gpio.c:81:59
	ldr	r1, [sp, #16]
	.loc	1 81 56                 @ ../../../Library/StdDriver/src/gpio.c:81:56
	lsls	r0, r1
	.loc	1 81 5                  @ ../../../Library/StdDriver/src/gpio.c:81:5
	ldr	r1, [sp, #20]
	.loc	1 81 19                 @ ../../../Library/StdDriver/src/gpio.c:81:19
	ldr	r2, [r1, #24]
	orrs	r2, r0
	str	r2, [r1, #24]
	.loc	1 84 22 is_stmt 1       @ ../../../Library/StdDriver/src/gpio.c:84:22
	ldr	r0, [sp, #12]
	.loc	1 84 36 is_stmt 0       @ ../../../Library/StdDriver/src/gpio.c:84:36
	movs	r1, #255
	lsls	r1, r1, #24
	bics	r0, r1
	.loc	1 84 53                 @ ../../../Library/StdDriver/src/gpio.c:84:53
	ldr	r1, [sp, #16]
	.loc	1 84 50                 @ ../../../Library/StdDriver/src/gpio.c:84:50
	lsls	r0, r1
	.loc	1 84 5                  @ ../../../Library/StdDriver/src/gpio.c:84:5
	ldr	r1, [sp, #20]
	.loc	1 84 17                 @ ../../../Library/StdDriver/src/gpio.c:84:17
	ldr	r2, [r1, #28]
	orrs	r2, r0
	str	r2, [r1, #28]
	.loc	1 85 1 is_stmt 1        @ ../../../Library/StdDriver/src/gpio.c:85:1
	str	r3, [sp, #8]            @ 4-byte Spill
	str	r4, [sp, #4]            @ 4-byte Spill
	str	r5, [sp]                @ 4-byte Spill
	add	sp, #24
	pop	{r4, r5, r7, pc}
.Ltmp11:
.Lfunc_end1:
	.size	GPIO_EnableInt, .Lfunc_end1-GPIO_EnableInt
	.cfi_endproc
	.cantunwind
	.fnend
                                        @ -- End function
	.section	.text.GPIO_DisableInt,"ax",%progbits
	.hidden	GPIO_DisableInt         @ -- Begin function GPIO_DisableInt
	.globl	GPIO_DisableInt
	.p2align	2
	.type	GPIO_DisableInt,%function
	.code	16                      @ @GPIO_DisableInt
	.thumb_func
GPIO_DisableInt:
.Lfunc_begin2:
	.loc	1 104 0                 @ ../../../Library/StdDriver/src/gpio.c:104:0
	.fnstart
	.cfi_startproc
@ %bb.0:
	.save	{r4, lr}
	push	{r4, lr}
	.cfi_def_cfa_offset 8
	.cfi_offset lr, -4
	.cfi_offset r4, -8
	.pad	#16
	sub	sp, #16
	.cfi_def_cfa_offset 24
	mov	r2, r1
	mov	r3, r0
	str	r0, [sp, #12]
	str	r1, [sp, #8]
.Ltmp12:
	.loc	1 106 31 prologue_end   @ ../../../Library/StdDriver/src/gpio.c:106:31
	ldr	r0, [sp, #8]
	.loc	1 106 28 is_stmt 0      @ ../../../Library/StdDriver/src/gpio.c:106:28
	movs	r1, #1
	lsls	r1, r0
	.loc	1 106 5                 @ ../../../Library/StdDriver/src/gpio.c:106:5
	ldr	r0, [sp, #12]
	.loc	1 106 19                @ ../../../Library/StdDriver/src/gpio.c:106:19
	ldr	r4, [r0, #24]
	bics	r4, r1
	str	r4, [r0, #24]
	.loc	1 109 40 is_stmt 1      @ ../../../Library/StdDriver/src/gpio.c:109:40
	ldr	r0, [sp, #8]
	.loc	1 109 37 is_stmt 0      @ ../../../Library/StdDriver/src/gpio.c:109:37
	ldr	r1, __arm_cp.2_0
	lsls	r1, r0
	.loc	1 109 5                 @ ../../../Library/StdDriver/src/gpio.c:109:5
	ldr	r0, [sp, #12]
	.loc	1 109 17                @ ../../../Library/StdDriver/src/gpio.c:109:17
	ldr	r4, [r0, #28]
	bics	r4, r1
	str	r4, [r0, #28]
	.loc	1 110 1 is_stmt 1       @ ../../../Library/StdDriver/src/gpio.c:110:1
	str	r2, [sp, #4]            @ 4-byte Spill
	str	r3, [sp]                @ 4-byte Spill
	add	sp, #16
	pop	{r4, pc}
.Ltmp13:
	.p2align	2
@ %bb.1:
	.loc	1 0 1 is_stmt 0         @ ../../../Library/StdDriver/src/gpio.c:0:1
__arm_cp.2_0:
	.long	65537                   @ 0x10001
.Lcpi_end0:
	.size	__arm_cp.2_0, .Lcpi_end0-__arm_cp.2_0
.Lfunc_end2:
	.size	GPIO_DisableInt, .Lfunc_end2-GPIO_DisableInt
	.cfi_endproc
	.cantunwind
	.fnend
                                        @ -- End function
	.section	.text.GPIO_SetSlewCtl,"ax",%progbits
	.hidden	GPIO_SetSlewCtl         @ -- Begin function GPIO_SetSlewCtl
	.globl	GPIO_SetSlewCtl
	.p2align	1
	.type	GPIO_SetSlewCtl,%function
	.code	16                      @ @GPIO_SetSlewCtl
	.thumb_func
GPIO_SetSlewCtl:
.Lfunc_begin3:
	.loc	1 132 0 is_stmt 1       @ ../../../Library/StdDriver/src/gpio.c:132:0
	.fnstart
	.cfi_startproc
@ %bb.0:
	.save	{r4, r5, r7, lr}
	push	{r4, r5, r7, lr}
	.cfi_def_cfa_offset 16
	.cfi_offset lr, -4
	.cfi_offset r7, -8
	.cfi_offset r5, -12
	.cfi_offset r4, -16
	.pad	#28
	sub	sp, #28
	.cfi_def_cfa_offset 44
	mov	r3, r2
	mov	r4, r1
	mov	r5, r0
	str	r0, [sp, #24]
	str	r1, [sp, #20]
	str	r2, [sp, #16]
	movs	r0, #0
.Ltmp14:
	.loc	1 135 16 prologue_end   @ ../../../Library/StdDriver/src/gpio.c:135:16
	str	r0, [sp, #12]
	.loc	1 135 9 is_stmt 0       @ ../../../Library/StdDriver/src/gpio.c:135:9
	str	r3, [sp, #8]            @ 4-byte Spill
	str	r4, [sp, #4]            @ 4-byte Spill
	str	r5, [sp]                @ 4-byte Spill
	b	.LBB3_1
.LBB3_1:                                @ =>This Inner Loop Header: Depth=1
.Ltmp15:
	.loc	1 135 23                @ ../../../Library/StdDriver/src/gpio.c:135:23
	ldr	r0, [sp, #12]
.Ltmp16:
	.loc	1 135 5                 @ ../../../Library/StdDriver/src/gpio.c:135:5
	cmp	r0, #15
	bhi	.LBB3_6
	b	.LBB3_2
.LBB3_2:                                @   in Loop: Header=BB3_1 Depth=1
.Ltmp17:
	.loc	1 137 12 is_stmt 1      @ ../../../Library/StdDriver/src/gpio.c:137:12
	ldr	r0, [sp, #20]
	.loc	1 137 33 is_stmt 0      @ ../../../Library/StdDriver/src/gpio.c:137:33
	ldr	r1, [sp, #12]
	.loc	1 137 30                @ ../../../Library/StdDriver/src/gpio.c:137:30
	movs	r2, #1
	lsls	r2, r1
.Ltmp18:
	.loc	1 137 12                @ ../../../Library/StdDriver/src/gpio.c:137:12
	tst	r0, r2
	beq	.LBB3_4
	b	.LBB3_3
.LBB3_3:                                @   in Loop: Header=BB3_1 Depth=1
.Ltmp19:
	.loc	1 139 30 is_stmt 1      @ ../../../Library/StdDriver/src/gpio.c:139:30
	ldr	r0, [sp, #24]
	.loc	1 139 36 is_stmt 0      @ ../../../Library/StdDriver/src/gpio.c:139:36
	ldr	r0, [r0, #40]
	.loc	1 139 57                @ ../../../Library/StdDriver/src/gpio.c:139:57
	ldr	r1, [sp, #12]
	.loc	1 139 54                @ ../../../Library/StdDriver/src/gpio.c:139:54
	movs	r2, #1
	lsls	r2, r1
	.loc	1 139 44                @ ../../../Library/StdDriver/src/gpio.c:139:44
	bics	r0, r2
	.loc	1 139 69                @ ../../../Library/StdDriver/src/gpio.c:139:69
	ldr	r2, [sp, #16]
	.loc	1 139 77                @ ../../../Library/StdDriver/src/gpio.c:139:77
	lsls	r2, r1
	.loc	1 139 66                @ ../../../Library/StdDriver/src/gpio.c:139:66
	orrs	r0, r2
	.loc	1 139 13                @ ../../../Library/StdDriver/src/gpio.c:139:13
	ldr	r1, [sp, #24]
	.loc	1 139 27                @ ../../../Library/StdDriver/src/gpio.c:139:27
	str	r0, [r1, #40]
	.loc	1 140 9 is_stmt 1       @ ../../../Library/StdDriver/src/gpio.c:140:9
	b	.LBB3_4
.Ltmp20:
.LBB3_4:                                @   in Loop: Header=BB3_1 Depth=1
	.loc	1 141 5                 @ ../../../Library/StdDriver/src/gpio.c:141:5
	b	.LBB3_5
.Ltmp21:
.LBB3_5:                                @   in Loop: Header=BB3_1 Depth=1
	.loc	1 135 52                @ ../../../Library/StdDriver/src/gpio.c:135:52
	ldr	r0, [sp, #12]
	adds	r0, r0, #1
	str	r0, [sp, #12]
	.loc	1 135 5 is_stmt 0       @ ../../../Library/StdDriver/src/gpio.c:135:5
	b	.LBB3_1
.Ltmp22:
.LBB3_6:
	.loc	1 142 1 is_stmt 1       @ ../../../Library/StdDriver/src/gpio.c:142:1
	add	sp, #28
	pop	{r4, r5, r7, pc}
.Ltmp23:
.Lfunc_end3:
	.size	GPIO_SetSlewCtl, .Lfunc_end3-GPIO_SetSlewCtl
	.cfi_endproc
	.cantunwind
	.fnend
                                        @ -- End function
	.section	.text.GPIO_SetPullCtl,"ax",%progbits
	.hidden	GPIO_SetPullCtl         @ -- Begin function GPIO_SetPullCtl
	.globl	GPIO_SetPullCtl
	.p2align	1
	.type	GPIO_SetPullCtl,%function
	.code	16                      @ @GPIO_SetPullCtl
	.thumb_func
GPIO_SetPullCtl:
.Lfunc_begin4:
	.loc	1 165 0                 @ ../../../Library/StdDriver/src/gpio.c:165:0
	.fnstart
	.cfi_startproc
@ %bb.0:
	.save	{r4, r5, r7, lr}
	push	{r4, r5, r7, lr}
	.cfi_def_cfa_offset 16
	.cfi_offset lr, -4
	.cfi_offset r7, -8
	.cfi_offset r5, -12
	.cfi_offset r4, -16
	.pad	#28
	sub	sp, #28
	.cfi_def_cfa_offset 44
	mov	r3, r2
	mov	r4, r1
	mov	r5, r0
	str	r0, [sp, #24]
	str	r1, [sp, #20]
	str	r2, [sp, #16]
	movs	r0, #0
.Ltmp24:
	.loc	1 168 16 prologue_end   @ ../../../Library/StdDriver/src/gpio.c:168:16
	str	r0, [sp, #12]
	.loc	1 168 9 is_stmt 0       @ ../../../Library/StdDriver/src/gpio.c:168:9
	str	r3, [sp, #8]            @ 4-byte Spill
	str	r4, [sp, #4]            @ 4-byte Spill
	str	r5, [sp]                @ 4-byte Spill
	b	.LBB4_1
.LBB4_1:                                @ =>This Inner Loop Header: Depth=1
.Ltmp25:
	.loc	1 168 23                @ ../../../Library/StdDriver/src/gpio.c:168:23
	ldr	r0, [sp, #12]
.Ltmp26:
	.loc	1 168 5                 @ ../../../Library/StdDriver/src/gpio.c:168:5
	cmp	r0, #15
	bhi	.LBB4_6
	b	.LBB4_2
.LBB4_2:                                @   in Loop: Header=BB4_1 Depth=1
.Ltmp27:
	.loc	1 170 12 is_stmt 1      @ ../../../Library/StdDriver/src/gpio.c:170:12
	ldr	r0, [sp, #20]
	.loc	1 170 33 is_stmt 0      @ ../../../Library/StdDriver/src/gpio.c:170:33
	ldr	r1, [sp, #12]
	.loc	1 170 30                @ ../../../Library/StdDriver/src/gpio.c:170:30
	movs	r2, #1
	lsls	r2, r1
.Ltmp28:
	.loc	1 170 12                @ ../../../Library/StdDriver/src/gpio.c:170:12
	tst	r0, r2
	beq	.LBB4_4
	b	.LBB4_3
.LBB4_3:                                @   in Loop: Header=BB4_1 Depth=1
.Ltmp29:
	.loc	1 172 28 is_stmt 1      @ ../../../Library/StdDriver/src/gpio.c:172:28
	ldr	r0, [sp, #24]
	.loc	1 172 34 is_stmt 0      @ ../../../Library/StdDriver/src/gpio.c:172:34
	ldr	r0, [r0, #48]
	.loc	1 172 54                @ ../../../Library/StdDriver/src/gpio.c:172:54
	ldr	r1, [sp, #12]
	.loc	1 172 61                @ ../../../Library/StdDriver/src/gpio.c:172:61
	lsls	r1, r1, #1
	.loc	1 172 50                @ ../../../Library/StdDriver/src/gpio.c:172:50
	movs	r2, #3
	lsls	r2, r1
	.loc	1 172 40                @ ../../../Library/StdDriver/src/gpio.c:172:40
	bics	r0, r2
	.loc	1 172 72                @ ../../../Library/StdDriver/src/gpio.c:172:72
	ldr	r2, [sp, #16]
	.loc	1 172 80                @ ../../../Library/StdDriver/src/gpio.c:172:80
	lsls	r2, r1
	.loc	1 172 69                @ ../../../Library/StdDriver/src/gpio.c:172:69
	orrs	r0, r2
	.loc	1 172 13                @ ../../../Library/StdDriver/src/gpio.c:172:13
	ldr	r1, [sp, #24]
	.loc	1 172 25                @ ../../../Library/StdDriver/src/gpio.c:172:25
	str	r0, [r1, #48]
	.loc	1 173 9 is_stmt 1       @ ../../../Library/StdDriver/src/gpio.c:173:9
	b	.LBB4_4
.Ltmp30:
.LBB4_4:                                @   in Loop: Header=BB4_1 Depth=1
	.loc	1 174 5                 @ ../../../Library/StdDriver/src/gpio.c:174:5
	b	.LBB4_5
.Ltmp31:
.LBB4_5:                                @   in Loop: Header=BB4_1 Depth=1
	.loc	1 168 52                @ ../../../Library/StdDriver/src/gpio.c:168:52
	ldr	r0, [sp, #12]
	adds	r0, r0, #1
	str	r0, [sp, #12]
	.loc	1 168 5 is_stmt 0       @ ../../../Library/StdDriver/src/gpio.c:168:5
	b	.LBB4_1
.Ltmp32:
.LBB4_6:
	.loc	1 175 1 is_stmt 1       @ ../../../Library/StdDriver/src/gpio.c:175:1
	add	sp, #28
	pop	{r4, r5, r7, pc}
.Ltmp33:
.Lfunc_end4:
	.size	GPIO_SetPullCtl, .Lfunc_end4-GPIO_SetPullCtl
	.cfi_endproc
	.cantunwind
	.fnend
                                        @ -- End function
	.file	2 "C:\\Keil_v5\\ARM\\ARMCLANG\\Bin\\..\\include" "stdint.h"
	.file	3 "../../../Library/Device/Nuvoton/NUC1262/Include" "NUC1262.h"
	.section	.debug_str,"MS",%progbits,1
.Linfo_string0:
	.asciz	"Component: ARM Compiler 6.10.1 Tool: armclang [5d143200]" @ string offset=0
.Linfo_string1:
	.asciz	"../../../Library/StdDriver/src\\gpio.c" @ string offset=57
.Linfo_string2:
	.asciz	"D:\\SourceCode\\_Avery_NUC1262\\NUC1262BSP_LLSI_RGBLED\\SampleCode\\Template\\Keil" @ string offset=95
.Linfo_string3:
	.asciz	"GPIO_SetMode"          @ string offset=172
.Linfo_string4:
	.asciz	"GPIO_EnableInt"        @ string offset=185
.Linfo_string5:
	.asciz	"GPIO_DisableInt"       @ string offset=200
.Linfo_string6:
	.asciz	"GPIO_SetSlewCtl"       @ string offset=216
.Linfo_string7:
	.asciz	"GPIO_SetPullCtl"       @ string offset=232
.Linfo_string8:
	.asciz	"port"                  @ string offset=248
.Linfo_string9:
	.asciz	"MODE"                  @ string offset=253
.Linfo_string10:
	.asciz	"unsigned int"          @ string offset=258
.Linfo_string11:
	.asciz	"uint32_t"              @ string offset=271
.Linfo_string12:
	.asciz	"DINOFF"                @ string offset=280
.Linfo_string13:
	.asciz	"DOUT"                  @ string offset=287
.Linfo_string14:
	.asciz	"DATMSK"                @ string offset=292
.Linfo_string15:
	.asciz	"PIN"                   @ string offset=299
.Linfo_string16:
	.asciz	"DBEN"                  @ string offset=303
.Linfo_string17:
	.asciz	"INTTYPE"               @ string offset=308
.Linfo_string18:
	.asciz	"INTEN"                 @ string offset=316
.Linfo_string19:
	.asciz	"INTSRC"                @ string offset=322
.Linfo_string20:
	.asciz	"SMTEN"                 @ string offset=329
.Linfo_string21:
	.asciz	"SLEWCTL"               @ string offset=335
.Linfo_string22:
	.asciz	"DRVCTL"                @ string offset=343
.Linfo_string23:
	.asciz	"PUSEL"                 @ string offset=350
.Linfo_string24:
	.asciz	"GPIO_T"                @ string offset=356
.Linfo_string25:
	.asciz	"u32PinMask"            @ string offset=363
.Linfo_string26:
	.asciz	"u32Mode"               @ string offset=374
.Linfo_string27:
	.asciz	"i"                     @ string offset=382
.Linfo_string28:
	.asciz	"u32Pin"                @ string offset=384
.Linfo_string29:
	.asciz	"u32IntAttribs"         @ string offset=391
.Linfo_string30:
	.asciz	"u32Idx"                @ string offset=405
	.section	.debug_abbrev,"",%progbits
	.byte	1                       @ Abbreviation Code
	.byte	17                      @ DW_TAG_compile_unit
	.byte	1                       @ DW_CHILDREN_yes
	.byte	37                      @ DW_AT_producer
	.byte	14                      @ DW_FORM_strp
	.byte	19                      @ DW_AT_language
	.byte	5                       @ DW_FORM_data2
	.byte	3                       @ DW_AT_name
	.byte	14                      @ DW_FORM_strp
	.byte	16                      @ DW_AT_stmt_list
	.byte	6                       @ DW_FORM_data4
	.byte	27                      @ DW_AT_comp_dir
	.byte	14                      @ DW_FORM_strp
	.ascii	"\264B"                 @ DW_AT_GNU_pubnames
	.byte	12                      @ DW_FORM_flag
	.byte	17                      @ DW_AT_low_pc
	.byte	1                       @ DW_FORM_addr
	.byte	85                      @ DW_AT_ranges
	.byte	6                       @ DW_FORM_data4
	.byte	0                       @ EOM(1)
	.byte	0                       @ EOM(2)
	.byte	2                       @ Abbreviation Code
	.byte	46                      @ DW_TAG_subprogram
	.byte	1                       @ DW_CHILDREN_yes
	.byte	17                      @ DW_AT_low_pc
	.byte	1                       @ DW_FORM_addr
	.byte	18                      @ DW_AT_high_pc
	.byte	1                       @ DW_FORM_addr
	.byte	64                      @ DW_AT_frame_base
	.byte	10                      @ DW_FORM_block1
	.byte	3                       @ DW_AT_name
	.byte	14                      @ DW_FORM_strp
	.byte	58                      @ DW_AT_decl_file
	.byte	11                      @ DW_FORM_data1
	.byte	59                      @ DW_AT_decl_line
	.byte	11                      @ DW_FORM_data1
	.byte	39                      @ DW_AT_prototyped
	.byte	12                      @ DW_FORM_flag
	.byte	63                      @ DW_AT_external
	.byte	12                      @ DW_FORM_flag
	.byte	0                       @ EOM(1)
	.byte	0                       @ EOM(2)
	.byte	3                       @ Abbreviation Code
	.byte	5                       @ DW_TAG_formal_parameter
	.byte	0                       @ DW_CHILDREN_no
	.byte	2                       @ DW_AT_location
	.byte	10                      @ DW_FORM_block1
	.byte	3                       @ DW_AT_name
	.byte	14                      @ DW_FORM_strp
	.byte	58                      @ DW_AT_decl_file
	.byte	11                      @ DW_FORM_data1
	.byte	59                      @ DW_AT_decl_line
	.byte	11                      @ DW_FORM_data1
	.byte	73                      @ DW_AT_type
	.byte	19                      @ DW_FORM_ref4
	.byte	0                       @ EOM(1)
	.byte	0                       @ EOM(2)
	.byte	4                       @ Abbreviation Code
	.byte	52                      @ DW_TAG_variable
	.byte	0                       @ DW_CHILDREN_no
	.byte	2                       @ DW_AT_location
	.byte	10                      @ DW_FORM_block1
	.byte	3                       @ DW_AT_name
	.byte	14                      @ DW_FORM_strp
	.byte	58                      @ DW_AT_decl_file
	.byte	11                      @ DW_FORM_data1
	.byte	59                      @ DW_AT_decl_line
	.byte	11                      @ DW_FORM_data1
	.byte	73                      @ DW_AT_type
	.byte	19                      @ DW_FORM_ref4
	.byte	0                       @ EOM(1)
	.byte	0                       @ EOM(2)
	.byte	5                       @ Abbreviation Code
	.byte	15                      @ DW_TAG_pointer_type
	.byte	0                       @ DW_CHILDREN_no
	.byte	73                      @ DW_AT_type
	.byte	19                      @ DW_FORM_ref4
	.byte	0                       @ EOM(1)
	.byte	0                       @ EOM(2)
	.byte	6                       @ Abbreviation Code
	.byte	22                      @ DW_TAG_typedef
	.byte	0                       @ DW_CHILDREN_no
	.byte	73                      @ DW_AT_type
	.byte	19                      @ DW_FORM_ref4
	.byte	3                       @ DW_AT_name
	.byte	14                      @ DW_FORM_strp
	.byte	58                      @ DW_AT_decl_file
	.byte	11                      @ DW_FORM_data1
	.byte	59                      @ DW_AT_decl_line
	.byte	5                       @ DW_FORM_data2
	.byte	0                       @ EOM(1)
	.byte	0                       @ EOM(2)
	.byte	7                       @ Abbreviation Code
	.byte	19                      @ DW_TAG_structure_type
	.byte	1                       @ DW_CHILDREN_yes
	.byte	11                      @ DW_AT_byte_size
	.byte	11                      @ DW_FORM_data1
	.byte	58                      @ DW_AT_decl_file
	.byte	11                      @ DW_FORM_data1
	.byte	59                      @ DW_AT_decl_line
	.byte	5                       @ DW_FORM_data2
	.byte	0                       @ EOM(1)
	.byte	0                       @ EOM(2)
	.byte	8                       @ Abbreviation Code
	.byte	13                      @ DW_TAG_member
	.byte	0                       @ DW_CHILDREN_no
	.byte	3                       @ DW_AT_name
	.byte	14                      @ DW_FORM_strp
	.byte	73                      @ DW_AT_type
	.byte	19                      @ DW_FORM_ref4
	.byte	58                      @ DW_AT_decl_file
	.byte	11                      @ DW_FORM_data1
	.byte	59                      @ DW_AT_decl_line
	.byte	5                       @ DW_FORM_data2
	.byte	56                      @ DW_AT_data_member_location
	.byte	11                      @ DW_FORM_data1
	.byte	0                       @ EOM(1)
	.byte	0                       @ EOM(2)
	.byte	9                       @ Abbreviation Code
	.byte	53                      @ DW_TAG_volatile_type
	.byte	0                       @ DW_CHILDREN_no
	.byte	73                      @ DW_AT_type
	.byte	19                      @ DW_FORM_ref4
	.byte	0                       @ EOM(1)
	.byte	0                       @ EOM(2)
	.byte	10                      @ Abbreviation Code
	.byte	22                      @ DW_TAG_typedef
	.byte	0                       @ DW_CHILDREN_no
	.byte	73                      @ DW_AT_type
	.byte	19                      @ DW_FORM_ref4
	.byte	3                       @ DW_AT_name
	.byte	14                      @ DW_FORM_strp
	.byte	58                      @ DW_AT_decl_file
	.byte	11                      @ DW_FORM_data1
	.byte	59                      @ DW_AT_decl_line
	.byte	11                      @ DW_FORM_data1
	.byte	0                       @ EOM(1)
	.byte	0                       @ EOM(2)
	.byte	11                      @ Abbreviation Code
	.byte	36                      @ DW_TAG_base_type
	.byte	0                       @ DW_CHILDREN_no
	.byte	3                       @ DW_AT_name
	.byte	14                      @ DW_FORM_strp
	.byte	62                      @ DW_AT_encoding
	.byte	11                      @ DW_FORM_data1
	.byte	11                      @ DW_AT_byte_size
	.byte	11                      @ DW_FORM_data1
	.byte	0                       @ EOM(1)
	.byte	0                       @ EOM(2)
	.byte	12                      @ Abbreviation Code
	.byte	38                      @ DW_TAG_const_type
	.byte	0                       @ DW_CHILDREN_no
	.byte	73                      @ DW_AT_type
	.byte	19                      @ DW_FORM_ref4
	.byte	0                       @ EOM(1)
	.byte	0                       @ EOM(2)
	.byte	0                       @ EOM(3)
	.section	.debug_info,"",%progbits
.Lcu_begin0:
	.long	594                     @ Length of Unit
	.short	3                       @ DWARF version number
	.long	.debug_abbrev           @ Offset Into Abbrev. Section
	.byte	4                       @ Address Size (in bytes)
	.byte	1                       @ Abbrev [1] 0xb:0x24b DW_TAG_compile_unit
	.long	.Linfo_string0          @ DW_AT_producer
	.short	1                       @ DW_AT_language
	.long	.Linfo_string1          @ DW_AT_name
	.long	.Lline_table_start0     @ DW_AT_stmt_list
	.long	.Linfo_string2          @ DW_AT_comp_dir
	.byte	1                       @ DW_AT_GNU_pubnames
	.long	0                       @ DW_AT_low_pc
	.long	.Ldebug_ranges0         @ DW_AT_ranges
	.byte	2                       @ Abbrev [2] 0x27:0x4c DW_TAG_subprogram
	.long	.Lfunc_begin0           @ DW_AT_low_pc
	.long	.Lfunc_end0             @ DW_AT_high_pc
	.byte	1                       @ DW_AT_frame_base
	.byte	93
	.long	.Linfo_string3          @ DW_AT_name
	.byte	1                       @ DW_AT_decl_file
	.byte	44                      @ DW_AT_decl_line
	.byte	1                       @ DW_AT_prototyped
	.byte	1                       @ DW_AT_external
	.byte	3                       @ Abbrev [3] 0x3a:0xe DW_TAG_formal_parameter
	.byte	2                       @ DW_AT_location
	.byte	145
	.byte	24
	.long	.Linfo_string8          @ DW_AT_name
	.byte	1                       @ DW_AT_decl_file
	.byte	44                      @ DW_AT_decl_line
	.long	377                     @ DW_AT_type
	.byte	3                       @ Abbrev [3] 0x48:0xe DW_TAG_formal_parameter
	.byte	2                       @ DW_AT_location
	.byte	145
	.byte	20
	.long	.Linfo_string25         @ DW_AT_name
	.byte	1                       @ DW_AT_decl_file
	.byte	44                      @ DW_AT_decl_line
	.long	574                     @ DW_AT_type
	.byte	3                       @ Abbrev [3] 0x56:0xe DW_TAG_formal_parameter
	.byte	2                       @ DW_AT_location
	.byte	145
	.byte	16
	.long	.Linfo_string26         @ DW_AT_name
	.byte	1                       @ DW_AT_decl_file
	.byte	44                      @ DW_AT_decl_line
	.long	574                     @ DW_AT_type
	.byte	4                       @ Abbrev [4] 0x64:0xe DW_TAG_variable
	.byte	2                       @ DW_AT_location
	.byte	145
	.byte	12
	.long	.Linfo_string27         @ DW_AT_name
	.byte	1                       @ DW_AT_decl_file
	.byte	46                      @ DW_AT_decl_line
	.long	574                     @ DW_AT_type
	.byte	0                       @ End Of Children Mark
	.byte	2                       @ Abbrev [2] 0x73:0x3e DW_TAG_subprogram
	.long	.Lfunc_begin1           @ DW_AT_low_pc
	.long	.Lfunc_end1             @ DW_AT_high_pc
	.byte	1                       @ DW_AT_frame_base
	.byte	93
	.long	.Linfo_string4          @ DW_AT_name
	.byte	1                       @ DW_AT_decl_file
	.byte	78                      @ DW_AT_decl_line
	.byte	1                       @ DW_AT_prototyped
	.byte	1                       @ DW_AT_external
	.byte	3                       @ Abbrev [3] 0x86:0xe DW_TAG_formal_parameter
	.byte	2                       @ DW_AT_location
	.byte	145
	.byte	20
	.long	.Linfo_string8          @ DW_AT_name
	.byte	1                       @ DW_AT_decl_file
	.byte	78                      @ DW_AT_decl_line
	.long	377                     @ DW_AT_type
	.byte	3                       @ Abbrev [3] 0x94:0xe DW_TAG_formal_parameter
	.byte	2                       @ DW_AT_location
	.byte	145
	.byte	16
	.long	.Linfo_string28         @ DW_AT_name
	.byte	1                       @ DW_AT_decl_file
	.byte	78                      @ DW_AT_decl_line
	.long	574                     @ DW_AT_type
	.byte	3                       @ Abbrev [3] 0xa2:0xe DW_TAG_formal_parameter
	.byte	2                       @ DW_AT_location
	.byte	145
	.byte	12
	.long	.Linfo_string29         @ DW_AT_name
	.byte	1                       @ DW_AT_decl_file
	.byte	78                      @ DW_AT_decl_line
	.long	574                     @ DW_AT_type
	.byte	0                       @ End Of Children Mark
	.byte	2                       @ Abbrev [2] 0xb1:0x30 DW_TAG_subprogram
	.long	.Lfunc_begin2           @ DW_AT_low_pc
	.long	.Lfunc_end2             @ DW_AT_high_pc
	.byte	1                       @ DW_AT_frame_base
	.byte	93
	.long	.Linfo_string5          @ DW_AT_name
	.byte	1                       @ DW_AT_decl_file
	.byte	103                     @ DW_AT_decl_line
	.byte	1                       @ DW_AT_prototyped
	.byte	1                       @ DW_AT_external
	.byte	3                       @ Abbrev [3] 0xc4:0xe DW_TAG_formal_parameter
	.byte	2                       @ DW_AT_location
	.byte	145
	.byte	12
	.long	.Linfo_string8          @ DW_AT_name
	.byte	1                       @ DW_AT_decl_file
	.byte	103                     @ DW_AT_decl_line
	.long	377                     @ DW_AT_type
	.byte	3                       @ Abbrev [3] 0xd2:0xe DW_TAG_formal_parameter
	.byte	2                       @ DW_AT_location
	.byte	145
	.byte	8
	.long	.Linfo_string28         @ DW_AT_name
	.byte	1                       @ DW_AT_decl_file
	.byte	103                     @ DW_AT_decl_line
	.long	574                     @ DW_AT_type
	.byte	0                       @ End Of Children Mark
	.byte	2                       @ Abbrev [2] 0xe1:0x4c DW_TAG_subprogram
	.long	.Lfunc_begin3           @ DW_AT_low_pc
	.long	.Lfunc_end3             @ DW_AT_high_pc
	.byte	1                       @ DW_AT_frame_base
	.byte	93
	.long	.Linfo_string6          @ DW_AT_name
	.byte	1                       @ DW_AT_decl_file
	.byte	131                     @ DW_AT_decl_line
	.byte	1                       @ DW_AT_prototyped
	.byte	1                       @ DW_AT_external
	.byte	3                       @ Abbrev [3] 0xf4:0xe DW_TAG_formal_parameter
	.byte	2                       @ DW_AT_location
	.byte	145
	.byte	24
	.long	.Linfo_string8          @ DW_AT_name
	.byte	1                       @ DW_AT_decl_file
	.byte	131                     @ DW_AT_decl_line
	.long	377                     @ DW_AT_type
	.byte	3                       @ Abbrev [3] 0x102:0xe DW_TAG_formal_parameter
	.byte	2                       @ DW_AT_location
	.byte	145
	.byte	20
	.long	.Linfo_string25         @ DW_AT_name
	.byte	1                       @ DW_AT_decl_file
	.byte	131                     @ DW_AT_decl_line
	.long	574                     @ DW_AT_type
	.byte	3                       @ Abbrev [3] 0x110:0xe DW_TAG_formal_parameter
	.byte	2                       @ DW_AT_location
	.byte	145
	.byte	16
	.long	.Linfo_string26         @ DW_AT_name
	.byte	1                       @ DW_AT_decl_file
	.byte	131                     @ DW_AT_decl_line
	.long	574                     @ DW_AT_type
	.byte	4                       @ Abbrev [4] 0x11e:0xe DW_TAG_variable
	.byte	2                       @ DW_AT_location
	.byte	145
	.byte	12
	.long	.Linfo_string30         @ DW_AT_name
	.byte	1                       @ DW_AT_decl_file
	.byte	133                     @ DW_AT_decl_line
	.long	574                     @ DW_AT_type
	.byte	0                       @ End Of Children Mark
	.byte	2                       @ Abbrev [2] 0x12d:0x4c DW_TAG_subprogram
	.long	.Lfunc_begin4           @ DW_AT_low_pc
	.long	.Lfunc_end4             @ DW_AT_high_pc
	.byte	1                       @ DW_AT_frame_base
	.byte	93
	.long	.Linfo_string7          @ DW_AT_name
	.byte	1                       @ DW_AT_decl_file
	.byte	164                     @ DW_AT_decl_line
	.byte	1                       @ DW_AT_prototyped
	.byte	1                       @ DW_AT_external
	.byte	3                       @ Abbrev [3] 0x140:0xe DW_TAG_formal_parameter
	.byte	2                       @ DW_AT_location
	.byte	145
	.byte	24
	.long	.Linfo_string8          @ DW_AT_name
	.byte	1                       @ DW_AT_decl_file
	.byte	164                     @ DW_AT_decl_line
	.long	377                     @ DW_AT_type
	.byte	3                       @ Abbrev [3] 0x14e:0xe DW_TAG_formal_parameter
	.byte	2                       @ DW_AT_location
	.byte	145
	.byte	20
	.long	.Linfo_string25         @ DW_AT_name
	.byte	1                       @ DW_AT_decl_file
	.byte	164                     @ DW_AT_decl_line
	.long	574                     @ DW_AT_type
	.byte	3                       @ Abbrev [3] 0x15c:0xe DW_TAG_formal_parameter
	.byte	2                       @ DW_AT_location
	.byte	145
	.byte	16
	.long	.Linfo_string26         @ DW_AT_name
	.byte	1                       @ DW_AT_decl_file
	.byte	164                     @ DW_AT_decl_line
	.long	574                     @ DW_AT_type
	.byte	4                       @ Abbrev [4] 0x16a:0xe DW_TAG_variable
	.byte	2                       @ DW_AT_location
	.byte	145
	.byte	12
	.long	.Linfo_string30         @ DW_AT_name
	.byte	1                       @ DW_AT_decl_file
	.byte	166                     @ DW_AT_decl_line
	.long	574                     @ DW_AT_type
	.byte	0                       @ End Of Children Mark
	.byte	5                       @ Abbrev [5] 0x179:0x5 DW_TAG_pointer_type
	.long	382                     @ DW_AT_type
	.byte	6                       @ Abbrev [6] 0x17e:0xc DW_TAG_typedef
	.long	394                     @ DW_AT_type
	.long	.Linfo_string24         @ DW_AT_name
	.byte	3                       @ DW_AT_decl_file
	.short	2282                    @ DW_AT_decl_line
	.byte	7                       @ Abbrev [7] 0x18a:0xaf DW_TAG_structure_type
	.byte	52                      @ DW_AT_byte_size
	.byte	3                       @ DW_AT_decl_file
	.short	2028                    @ DW_AT_decl_line
	.byte	8                       @ Abbrev [8] 0x18f:0xd DW_TAG_member
	.long	.Linfo_string9          @ DW_AT_name
	.long	569                     @ DW_AT_type
	.byte	3                       @ DW_AT_decl_file
	.short	2267                    @ DW_AT_decl_line
	.byte	0                       @ DW_AT_data_member_location
	.byte	8                       @ Abbrev [8] 0x19c:0xd DW_TAG_member
	.long	.Linfo_string12         @ DW_AT_name
	.long	569                     @ DW_AT_type
	.byte	3                       @ DW_AT_decl_file
	.short	2268                    @ DW_AT_decl_line
	.byte	4                       @ DW_AT_data_member_location
	.byte	8                       @ Abbrev [8] 0x1a9:0xd DW_TAG_member
	.long	.Linfo_string13         @ DW_AT_name
	.long	569                     @ DW_AT_type
	.byte	3                       @ DW_AT_decl_file
	.short	2269                    @ DW_AT_decl_line
	.byte	8                       @ DW_AT_data_member_location
	.byte	8                       @ Abbrev [8] 0x1b6:0xd DW_TAG_member
	.long	.Linfo_string14         @ DW_AT_name
	.long	569                     @ DW_AT_type
	.byte	3                       @ DW_AT_decl_file
	.short	2270                    @ DW_AT_decl_line
	.byte	12                      @ DW_AT_data_member_location
	.byte	8                       @ Abbrev [8] 0x1c3:0xd DW_TAG_member
	.long	.Linfo_string15         @ DW_AT_name
	.long	592                     @ DW_AT_type
	.byte	3                       @ DW_AT_decl_file
	.short	2271                    @ DW_AT_decl_line
	.byte	16                      @ DW_AT_data_member_location
	.byte	8                       @ Abbrev [8] 0x1d0:0xd DW_TAG_member
	.long	.Linfo_string16         @ DW_AT_name
	.long	569                     @ DW_AT_type
	.byte	3                       @ DW_AT_decl_file
	.short	2272                    @ DW_AT_decl_line
	.byte	20                      @ DW_AT_data_member_location
	.byte	8                       @ Abbrev [8] 0x1dd:0xd DW_TAG_member
	.long	.Linfo_string17         @ DW_AT_name
	.long	569                     @ DW_AT_type
	.byte	3                       @ DW_AT_decl_file
	.short	2273                    @ DW_AT_decl_line
	.byte	24                      @ DW_AT_data_member_location
	.byte	8                       @ Abbrev [8] 0x1ea:0xd DW_TAG_member
	.long	.Linfo_string18         @ DW_AT_name
	.long	569                     @ DW_AT_type
	.byte	3                       @ DW_AT_decl_file
	.short	2274                    @ DW_AT_decl_line
	.byte	28                      @ DW_AT_data_member_location
	.byte	8                       @ Abbrev [8] 0x1f7:0xd DW_TAG_member
	.long	.Linfo_string19         @ DW_AT_name
	.long	569                     @ DW_AT_type
	.byte	3                       @ DW_AT_decl_file
	.short	2275                    @ DW_AT_decl_line
	.byte	32                      @ DW_AT_data_member_location
	.byte	8                       @ Abbrev [8] 0x204:0xd DW_TAG_member
	.long	.Linfo_string20         @ DW_AT_name
	.long	569                     @ DW_AT_type
	.byte	3                       @ DW_AT_decl_file
	.short	2276                    @ DW_AT_decl_line
	.byte	36                      @ DW_AT_data_member_location
	.byte	8                       @ Abbrev [8] 0x211:0xd DW_TAG_member
	.long	.Linfo_string21         @ DW_AT_name
	.long	569                     @ DW_AT_type
	.byte	3                       @ DW_AT_decl_file
	.short	2277                    @ DW_AT_decl_line
	.byte	40                      @ DW_AT_data_member_location
	.byte	8                       @ Abbrev [8] 0x21e:0xd DW_TAG_member
	.long	.Linfo_string22         @ DW_AT_name
	.long	569                     @ DW_AT_type
	.byte	3                       @ DW_AT_decl_file
	.short	2278                    @ DW_AT_decl_line
	.byte	44                      @ DW_AT_data_member_location
	.byte	8                       @ Abbrev [8] 0x22b:0xd DW_TAG_member
	.long	.Linfo_string23         @ DW_AT_name
	.long	569                     @ DW_AT_type
	.byte	3                       @ DW_AT_decl_file
	.short	2279                    @ DW_AT_decl_line
	.byte	48                      @ DW_AT_data_member_location
	.byte	0                       @ End Of Children Mark
	.byte	9                       @ Abbrev [9] 0x239:0x5 DW_TAG_volatile_type
	.long	574                     @ DW_AT_type
	.byte	10                      @ Abbrev [10] 0x23e:0xb DW_TAG_typedef
	.long	585                     @ DW_AT_type
	.long	.Linfo_string11         @ DW_AT_name
	.byte	2                       @ DW_AT_decl_file
	.byte	64                      @ DW_AT_decl_line
	.byte	11                      @ Abbrev [11] 0x249:0x7 DW_TAG_base_type
	.long	.Linfo_string10         @ DW_AT_name
	.byte	7                       @ DW_AT_encoding
	.byte	4                       @ DW_AT_byte_size
	.byte	12                      @ Abbrev [12] 0x250:0x5 DW_TAG_const_type
	.long	569                     @ DW_AT_type
	.byte	0                       @ End Of Children Mark
	.section	.debug_ranges,"",%progbits
.Ldebug_ranges0:
	.long	.Lfunc_begin0
	.long	.Lfunc_end0
	.long	.Lfunc_begin1
	.long	.Lfunc_end1
	.long	.Lfunc_begin2
	.long	.Lfunc_end2
	.long	.Lfunc_begin3
	.long	.Lfunc_end3
	.long	.Lfunc_begin4
	.long	.Lfunc_end4
	.long	0
	.long	0
	.section	.debug_macinfo,"",%progbits
.Lcu_macro_begin0:
	.byte	0                       @ End Of Macro List Mark
	.section	.debug_pubnames,"",%progbits
	.long	.LpubNames_end0-.LpubNames_begin0 @ Length of Public Names Info
.LpubNames_begin0:
	.short	2                       @ DWARF Version
	.long	.Lcu_begin0             @ Offset of Compilation Unit Info
	.long	598                     @ Compilation Unit Length
	.long	115                     @ DIE offset
	.asciz	"GPIO_EnableInt"        @ External Name
	.long	225                     @ DIE offset
	.asciz	"GPIO_SetSlewCtl"       @ External Name
	.long	301                     @ DIE offset
	.asciz	"GPIO_SetPullCtl"       @ External Name
	.long	177                     @ DIE offset
	.asciz	"GPIO_DisableInt"       @ External Name
	.long	39                      @ DIE offset
	.asciz	"GPIO_SetMode"          @ External Name
	.long	0                       @ End Mark
.LpubNames_end0:
	.section	.debug_pubtypes,"",%progbits
	.long	.LpubTypes_end0-.LpubTypes_begin0 @ Length of Public Types Info
.LpubTypes_begin0:
	.short	2                       @ DWARF Version
	.long	.Lcu_begin0             @ Offset of Compilation Unit Info
	.long	598                     @ Compilation Unit Length
	.long	382                     @ DIE offset
	.asciz	"GPIO_T"                @ External Name
	.long	574                     @ DIE offset
	.asciz	"uint32_t"              @ External Name
	.long	585                     @ DIE offset
	.asciz	"unsigned int"          @ External Name
	.long	0                       @ End Mark
.LpubTypes_end0:

	.ident	"Component: ARM Compiler 6.10.1 Tool: armclang [5d143200]"
	.section	".note.GNU-stack","",%progbits
	.eabi_attribute	30, 6	@ Tag_ABI_optimization_goals
	.ARM_attribute	16, 1	@ Tag_AV_eba
	.section	.debug_line,"",%progbits
.Lline_table_start0:
