	.text
	.syntax unified
	.eabi_attribute	67, "2.09"	@ Tag_conformance
	.cpu	cortex-m23
	.eabi_attribute	6, 16	@ Tag_CPU_arch
	.eabi_attribute	7, 77	@ Tag_CPU_arch_profile
	.eabi_attribute	8, 0	@ Tag_ARM_ISA_use
	.eabi_attribute	9, 3	@ Tag_THUMB_ISA_use
	.eabi_attribute	34, 0	@ Tag_CPU_unaligned_access
	.eabi_attribute	17, 1	@ Tag_ABI_PCS_GOT_use
	.eabi_attribute	20, 2	@ Tag_ABI_FP_denormal
	.eabi_attribute	21, 0	@ Tag_ABI_FP_exceptions
	.eabi_attribute	23, 1	@ Tag_ABI_FP_number_model
	.eabi_attribute	24, 1	@ Tag_ABI_align_needed
	.eabi_attribute	25, 1	@ Tag_ABI_align_preserved
	.eabi_attribute	38, 1	@ Tag_ABI_FP_16bit_format
	.eabi_attribute	18, 2	@ Tag_ABI_PCS_wchar_t
	.eabi_attribute	26, 1	@ Tag_ABI_enum_size
	.eabi_attribute	14, 0	@ Tag_ABI_PCS_R9_use
	.file	"retarget.c"
	.file	1 "C:\\Keil_v5\\ARM\\ARMCLANG\\Bin\\..\\include" "stdio.h"
	.file	2 "../../../Library/StdDriver/src" "retarget.c"
	.file	3 "C:\\Keil_v5\\ARM\\ARMCLANG\\Bin\\..\\include" "stdint.h"
	.file	4 "../../../Library/Device/Nuvoton/NUC1262/Include" "NUC1262.h"
	.section	.text.ProcessHardFault,"ax",%progbits
	.hidden	ProcessHardFault        @ -- Begin function ProcessHardFault
	.weak	ProcessHardFault
	.p2align	2
	.type	ProcessHardFault,%function
	.code	16                      @ @ProcessHardFault
	.thumb_func
ProcessHardFault:
.Lfunc_begin0:
	.loc	2 195 0                 @ ../../../Library/StdDriver/src/retarget.c:195:0
	.fnstart
	.cfi_sections .debug_frame
	.cfi_startproc
@ %bb.0:
	.save	{r4, r5, r7, lr}
	push	{r4, r5, r7, lr}
	.cfi_def_cfa_offset 16
	.cfi_offset lr, -4
	.cfi_offset r7, -8
	.cfi_offset r5, -12
	.cfi_offset r4, -16
	.pad	#32
	sub	sp, #32
	.cfi_def_cfa_offset 48
	mov	r3, r2
	mov	r4, r1
	mov	r5, r0
	str	r0, [sp, #28]
	str	r1, [sp, #24]
	str	r2, [sp, #20]
	add	r0, sp, #28
.Ltmp0:
	.loc	2 206 12 prologue_end   @ ../../../Library/StdDriver/src/retarget.c:206:12
	ldrb	r0, [r0]
	lsls	r0, r0, #29
	cmp	r0, #0
	str	r3, [sp, #12]           @ 4-byte Spill
	str	r4, [sp, #8]            @ 4-byte Spill
	str	r5, [sp, #4]            @ 4-byte Spill
	bpl	.LBB0_2
	b	.LBB0_1
.LBB0_1:
.Ltmp1:
	.loc	2 208 30                @ ../../../Library/StdDriver/src/retarget.c:208:30
	ldr	r0, [sp, #20]
	.loc	2 208 16 is_stmt 0      @ ../../../Library/StdDriver/src/retarget.c:208:16
	str	r0, [sp, #16]
	.loc	2 209 9 is_stmt 1       @ ../../../Library/StdDriver/src/retarget.c:209:9
	b	.LBB0_3
.Ltmp2:
.LBB0_2:
	.loc	2 212 30                @ ../../../Library/StdDriver/src/retarget.c:212:30
	ldr	r0, [sp, #24]
	.loc	2 212 16 is_stmt 0      @ ../../../Library/StdDriver/src/retarget.c:212:16
	str	r0, [sp, #16]
	b	.LBB0_3
.Ltmp3:
.LBB0_3:
	.loc	2 228 5 is_stmt 1       @ ../../../Library/StdDriver/src/retarget.c:228:5
	ldr	r0, __arm_cp.0_0
	bl	printf
	.loc	2 243 5                 @ ../../../Library/StdDriver/src/retarget.c:243:5
	str	r0, [sp]                @ 4-byte Spill
	b	.LBB0_4
.LBB0_4:                                @ =>This Inner Loop Header: Depth=1
	.loc	2 243 15 is_stmt 0      @ ../../../Library/StdDriver/src/retarget.c:243:15
	ldr	r0, [sp, #16]
	.loc	2 243 14                @ ../../../Library/StdDriver/src/retarget.c:243:14
	ldr	r0, [r0]
	.loc	2 243 13                @ ../../../Library/StdDriver/src/retarget.c:243:13
	movs	r1, #1
	orrs	r0, r1
	.loc	2 243 5                 @ ../../../Library/StdDriver/src/retarget.c:243:5
	cmp	r0, #0
	beq	.LBB0_6
	b	.LBB0_5
.LBB0_5:                                @   in Loop: Header=BB0_4 Depth=1
	b	.LBB0_4
.LBB0_6:
	.loc	2 245 12 is_stmt 1      @ ../../../Library/StdDriver/src/retarget.c:245:12
	ldr	r0, [sp, #28]
	.loc	2 245 5 is_stmt 0       @ ../../../Library/StdDriver/src/retarget.c:245:5
	add	sp, #32
	pop	{r4, r5, r7, pc}
.Ltmp4:
	.p2align	2
@ %bb.7:
	.loc	2 0 5                   @ ../../../Library/StdDriver/src/retarget.c:0:5
__arm_cp.0_0:
	.long	.L.str
.Lcpi_end0:
	.size	__arm_cp.0_0, .Lcpi_end0-__arm_cp.0_0
.Lfunc_end0:
	.size	ProcessHardFault, .Lfunc_end0-ProcessHardFault
	.cfi_endproc
	.cantunwind
	.fnend
                                        @ -- End function
	.section	.text.SH_Return,"ax",%progbits
	.hidden	SH_Return               @ -- Begin function SH_Return
	.globl	SH_Return
	.p2align	1
	.type	SH_Return,%function
	.code	16                      @ @SH_Return
	.thumb_func
SH_Return:
.Lfunc_begin1:
	.loc	2 250 0 is_stmt 1       @ ../../../Library/StdDriver/src/retarget.c:250:0
	.fnstart
	.cfi_startproc
@ %bb.0:
	.save	{r4, r5, r7, lr}
	push	{r4, r5, r7, lr}
	.cfi_def_cfa_offset 16
	.cfi_offset lr, -4
	.cfi_offset r7, -8
	.cfi_offset r5, -12
	.cfi_offset r4, -16
	.pad	#24
	sub	sp, #24
	.cfi_def_cfa_offset 40
	mov	r3, r2
	mov	r4, r1
	mov	r5, r0
	str	r0, [sp, #20]
	str	r1, [sp, #16]
	str	r2, [sp, #12]
	movs	r0, #0
.Ltmp5:
	.loc	2 251 5 prologue_end    @ ../../../Library/StdDriver/src/retarget.c:251:5
	str	r3, [sp, #8]            @ 4-byte Spill
	str	r4, [sp, #4]            @ 4-byte Spill
	str	r5, [sp]                @ 4-byte Spill
	add	sp, #24
	pop	{r4, r5, r7, pc}
.Ltmp6:
.Lfunc_end1:
	.size	SH_Return, .Lfunc_end1-SH_Return
	.cfi_endproc
	.cantunwind
	.fnend
                                        @ -- End function
	.section	.text.SendChar_ToUART,"ax",%progbits
	.hidden	SendChar_ToUART         @ -- Begin function SendChar_ToUART
	.globl	SendChar_ToUART
	.p2align	2
	.type	SendChar_ToUART,%function
	.code	16                      @ @SendChar_ToUART
	.thumb_func
SendChar_ToUART:
.Lfunc_begin2:
	.loc	2 268 0                 @ ../../../Library/StdDriver/src/retarget.c:268:0
	.fnstart
	.cfi_startproc
@ %bb.0:
	.pad	#8
	sub	sp, #8
	.cfi_def_cfa_offset 8
	mov	r1, r0
	str	r0, [sp, #4]
	add	r0, sp, #4
.Ltmp7:
	.loc	2 269 14 prologue_end   @ ../../../Library/StdDriver/src/retarget.c:269:14
	ldrb	r0, [r0]
.Ltmp8:
	.loc	2 269 8 is_stmt 0       @ ../../../Library/StdDriver/src/retarget.c:269:8
	cmp	r0, #10
	str	r1, [sp]                @ 4-byte Spill
	bne	.LBB2_5
	b	.LBB2_1
.LBB2_1:
.Ltmp9:
	.loc	2 271 9 is_stmt 1       @ ../../../Library/StdDriver/src/retarget.c:271:9
	b	.LBB2_2
.LBB2_2:                                @ =>This Inner Loop Header: Depth=1
	.loc	2 271 27 is_stmt 0      @ ../../../Library/StdDriver/src/retarget.c:271:27
	ldr	r0, __arm_cp.2_0
	ldr	r0, [r0]
	.loc	2 271 35                @ ../../../Library/StdDriver/src/retarget.c:271:35
	movs	r1, #1
	lsls	r1, r1, #23
	.loc	2 271 9                 @ ../../../Library/StdDriver/src/retarget.c:271:9
	tst	r0, r1
	beq	.LBB2_4
	b	.LBB2_3
.LBB2_3:                                @   in Loop: Header=BB2_2 Depth=1
	b	.LBB2_2
.LBB2_4:
	.loc	2 272 25 is_stmt 1      @ ../../../Library/StdDriver/src/retarget.c:272:25
	ldr	r0, __arm_cp.2_1
	movs	r1, #13
	str	r1, [r0]
	.loc	2 273 5                 @ ../../../Library/StdDriver/src/retarget.c:273:5
	b	.LBB2_5
.Ltmp10:
.LBB2_5:
	.loc	2 275 5                 @ ../../../Library/StdDriver/src/retarget.c:275:5
	b	.LBB2_6
.LBB2_6:                                @ =>This Inner Loop Header: Depth=1
	.loc	2 275 23 is_stmt 0      @ ../../../Library/StdDriver/src/retarget.c:275:23
	ldr	r0, __arm_cp.2_0
	ldr	r0, [r0]
	.loc	2 275 31                @ ../../../Library/StdDriver/src/retarget.c:275:31
	movs	r1, #1
	lsls	r1, r1, #23
	.loc	2 275 5                 @ ../../../Library/StdDriver/src/retarget.c:275:5
	tst	r0, r1
	beq	.LBB2_8
	b	.LBB2_7
.LBB2_7:                                @   in Loop: Header=BB2_6 Depth=1
	b	.LBB2_6
.LBB2_8:
	.loc	2 276 33 is_stmt 1      @ ../../../Library/StdDriver/src/retarget.c:276:33
	ldr	r0, [sp, #4]
	.loc	2 276 21 is_stmt 0      @ ../../../Library/StdDriver/src/retarget.c:276:21
	ldr	r1, __arm_cp.2_1
	str	r0, [r1]
	.loc	2 277 1 is_stmt 1       @ ../../../Library/StdDriver/src/retarget.c:277:1
	add	sp, #8
	bx	lr
.Ltmp11:
	.p2align	2
@ %bb.9:
	.loc	2 0 1 is_stmt 0         @ ../../../Library/StdDriver/src/retarget.c:0:1
__arm_cp.2_0:
	.long	1074069528              @ 0x40050018
.Lcpi_end1:
	.size	__arm_cp.2_0, .Lcpi_end1-__arm_cp.2_0
__arm_cp.2_1:
	.long	1074069504              @ 0x40050000
.Lcpi_end2:
	.size	__arm_cp.2_1, .Lcpi_end2-__arm_cp.2_1
.Lfunc_end2:
	.size	SendChar_ToUART, .Lfunc_end2-SendChar_ToUART
	.cfi_endproc
	.cantunwind
	.fnend
                                        @ -- End function
	.section	.text.SendChar,"ax",%progbits
	.hidden	SendChar                @ -- Begin function SendChar
	.globl	SendChar
	.p2align	1
	.type	SendChar,%function
	.code	16                      @ @SendChar
	.thumb_func
SendChar:
.Lfunc_begin3:
	.loc	2 346 0 is_stmt 1       @ ../../../Library/StdDriver/src/retarget.c:346:0
	.fnstart
	.cfi_startproc
@ %bb.0:
	.save	{r7, lr}
	push	{r7, lr}
	.cfi_def_cfa_offset 8
	.cfi_offset lr, -4
	.cfi_offset r7, -8
	.pad	#8
	sub	sp, #8
	.cfi_def_cfa_offset 16
	mov	r1, r0
	str	r0, [sp, #4]
.Ltmp12:
	.loc	2 376 21 prologue_end   @ ../../../Library/StdDriver/src/retarget.c:376:21
	ldr	r0, [sp, #4]
	.loc	2 376 5 is_stmt 0       @ ../../../Library/StdDriver/src/retarget.c:376:5
	str	r1, [sp]                @ 4-byte Spill
	bl	SendChar_ToUART
	.loc	2 378 1 is_stmt 1       @ ../../../Library/StdDriver/src/retarget.c:378:1
	add	sp, #8
	pop	{r7, pc}
.Ltmp13:
.Lfunc_end3:
	.size	SendChar, .Lfunc_end3-SendChar
	.cfi_endproc
	.cantunwind
	.fnend
                                        @ -- End function
	.section	.text.GetChar,"ax",%progbits
	.hidden	GetChar                 @ -- Begin function GetChar
	.globl	GetChar
	.p2align	2
	.type	GetChar,%function
	.code	16                      @ @GetChar
	.thumb_func
GetChar:
.Lfunc_begin4:
	.loc	2 390 0                 @ ../../../Library/StdDriver/src/retarget.c:390:0
	.fnstart
	.cfi_startproc
@ %bb.0:
	.loc	2 427 5 prologue_end    @ ../../../Library/StdDriver/src/retarget.c:427:5
	b	.LBB4_1
.LBB4_1:                                @ =>This Inner Loop Header: Depth=1
.Ltmp14:
	.loc	2 429 25                @ ../../../Library/StdDriver/src/retarget.c:429:25
	ldr	r0, __arm_cp.4_0
	ldr	r0, [r0]
	.loc	2 429 33 is_stmt 0      @ ../../../Library/StdDriver/src/retarget.c:429:33
	movw	r1, #16384
.Ltmp15:
	.loc	2 429 12                @ ../../../Library/StdDriver/src/retarget.c:429:12
	tst	r0, r1
	bne	.LBB4_3
	b	.LBB4_2
.LBB4_2:
.Ltmp16:
	.loc	2 431 39 is_stmt 1      @ ../../../Library/StdDriver/src/retarget.c:431:39
	ldr	r0, __arm_cp.4_1
	ldr	r0, [r0]
	.loc	2 431 13 is_stmt 0      @ ../../../Library/StdDriver/src/retarget.c:431:13
	uxtb	r0, r0
	bx	lr
.Ltmp17:
.LBB4_3:                                @   in Loop: Header=BB4_1 Depth=1
	.loc	2 427 5 is_stmt 1       @ ../../../Library/StdDriver/src/retarget.c:427:5
	b	.LBB4_1
.Ltmp18:
	.p2align	2
@ %bb.4:
	.loc	2 0 5 is_stmt 0         @ ../../../Library/StdDriver/src/retarget.c:0:5
__arm_cp.4_0:
	.long	1074069528              @ 0x40050018
.Lcpi_end3:
	.size	__arm_cp.4_0, .Lcpi_end3-__arm_cp.4_0
__arm_cp.4_1:
	.long	1074069504              @ 0x40050000
.Lcpi_end4:
	.size	__arm_cp.4_1, .Lcpi_end4-__arm_cp.4_1
.Lfunc_end4:
	.size	GetChar, .Lfunc_end4-GetChar
	.cfi_endproc
	.cantunwind
	.fnend
                                        @ -- End function
	.section	.text.kbhit,"ax",%progbits
	.hidden	kbhit                   @ -- Begin function kbhit
	.globl	kbhit
	.p2align	2
	.type	kbhit,%function
	.code	16                      @ @kbhit
	.thumb_func
kbhit:
.Lfunc_begin5:
	.loc	2 450 0 is_stmt 1       @ ../../../Library/StdDriver/src/retarget.c:450:0
	.fnstart
	.cfi_startproc
@ %bb.0:
	.loc	2 451 27 prologue_end   @ ../../../Library/StdDriver/src/retarget.c:451:27
	ldr	r0, __arm_cp.5_0
	ldr	r0, [r0]
	.loc	2 451 35 is_stmt 0      @ ../../../Library/StdDriver/src/retarget.c:451:35
	movw	r1, #16384
	ands	r0, r1
	.loc	2 451 63                @ ../../../Library/StdDriver/src/retarget.c:451:63
	lsrs	r0, r0, #14
	.loc	2 451 5                 @ ../../../Library/StdDriver/src/retarget.c:451:5
	bx	lr
.Ltmp19:
	.p2align	2
@ %bb.1:
	.loc	2 0 5                   @ ../../../Library/StdDriver/src/retarget.c:0:5
__arm_cp.5_0:
	.long	1074069528              @ 0x40050018
.Lcpi_end5:
	.size	__arm_cp.5_0, .Lcpi_end5-__arm_cp.5_0
.Lfunc_end5:
	.size	kbhit, .Lfunc_end5-kbhit
	.cfi_endproc
	.cantunwind
	.fnend
                                        @ -- End function
	.section	.text.IsDebugFifoEmpty,"ax",%progbits
	.hidden	IsDebugFifoEmpty        @ -- Begin function IsDebugFifoEmpty
	.globl	IsDebugFifoEmpty
	.p2align	2
	.type	IsDebugFifoEmpty,%function
	.code	16                      @ @IsDebugFifoEmpty
	.thumb_func
IsDebugFifoEmpty:
.Lfunc_begin6:
	.loc	2 465 0 is_stmt 1       @ ../../../Library/StdDriver/src/retarget.c:465:0
	.fnstart
	.cfi_startproc
@ %bb.0:
	.loc	2 466 26 prologue_end   @ ../../../Library/StdDriver/src/retarget.c:466:26
	ldr	r0, __arm_cp.6_0
	ldr	r0, [r0]
	.loc	2 466 34 is_stmt 0      @ ../../../Library/StdDriver/src/retarget.c:466:34
	movs	r1, #1
	lsls	r1, r1, #28
	ands	r0, r1
	.loc	2 466 63                @ ../../../Library/StdDriver/src/retarget.c:466:63
	lsrs	r0, r0, #28
	.loc	2 466 5                 @ ../../../Library/StdDriver/src/retarget.c:466:5
	bx	lr
.Ltmp20:
	.p2align	2
@ %bb.1:
	.loc	2 0 5                   @ ../../../Library/StdDriver/src/retarget.c:0:5
__arm_cp.6_0:
	.long	1074069528              @ 0x40050018
.Lcpi_end6:
	.size	__arm_cp.6_0, .Lcpi_end6-__arm_cp.6_0
.Lfunc_end6:
	.size	IsDebugFifoEmpty, .Lfunc_end6-IsDebugFifoEmpty
	.cfi_endproc
	.cantunwind
	.fnend
                                        @ -- End function
	.section	.text._ttywrch,"ax",%progbits
	.hidden	_ttywrch                @ -- Begin function _ttywrch
	.globl	_ttywrch
	.p2align	1
	.type	_ttywrch,%function
	.code	16                      @ @_ttywrch
	.thumb_func
_ttywrch:
.Lfunc_begin7:
	.loc	2 480 0 is_stmt 1       @ ../../../Library/StdDriver/src/retarget.c:480:0
	.fnstart
	.cfi_startproc
@ %bb.0:
	.save	{r7, lr}
	push	{r7, lr}
	.cfi_def_cfa_offset 8
	.cfi_offset lr, -4
	.cfi_offset r7, -8
	.pad	#8
	sub	sp, #8
	.cfi_def_cfa_offset 16
	mov	r1, r0
	str	r0, [sp, #4]
.Ltmp21:
	.loc	2 481 14 prologue_end   @ ../../../Library/StdDriver/src/retarget.c:481:14
	ldr	r0, [sp, #4]
	.loc	2 481 5 is_stmt 0       @ ../../../Library/StdDriver/src/retarget.c:481:5
	str	r1, [sp]                @ 4-byte Spill
	bl	SendChar
	.loc	2 482 5 is_stmt 1       @ ../../../Library/StdDriver/src/retarget.c:482:5
	add	sp, #8
	pop	{r7, pc}
.Ltmp22:
.Lfunc_end7:
	.size	_ttywrch, .Lfunc_end7-_ttywrch
	.cfi_endproc
	.cantunwind
	.fnend
                                        @ -- End function
	.section	.text.fputc,"ax",%progbits
	.hidden	fputc                   @ -- Begin function fputc
	.globl	fputc
	.p2align	1
	.type	fputc,%function
	.code	16                      @ @fputc
	.thumb_func
fputc:
.Lfunc_begin8:
	.loc	2 505 0                 @ ../../../Library/StdDriver/src/retarget.c:505:0
	.fnstart
	.cfi_startproc
@ %bb.0:
	.save	{r7, lr}
	push	{r7, lr}
	.cfi_def_cfa_offset 8
	.cfi_offset lr, -4
	.cfi_offset r7, -8
	.pad	#16
	sub	sp, #16
	.cfi_def_cfa_offset 24
	mov	r2, r1
	mov	r3, r0
	str	r0, [sp, #12]
	str	r1, [sp, #8]
.Ltmp23:
	.loc	2 507 14 prologue_end   @ ../../../Library/StdDriver/src/retarget.c:507:14
	ldr	r0, [sp, #12]
	.loc	2 507 5 is_stmt 0       @ ../../../Library/StdDriver/src/retarget.c:507:5
	str	r2, [sp, #4]            @ 4-byte Spill
	str	r3, [sp]                @ 4-byte Spill
	bl	SendChar
	.loc	2 508 12 is_stmt 1      @ ../../../Library/StdDriver/src/retarget.c:508:12
	ldr	r0, [sp, #12]
	.loc	2 508 5 is_stmt 0       @ ../../../Library/StdDriver/src/retarget.c:508:5
	add	sp, #16
	pop	{r7, pc}
.Ltmp24:
.Lfunc_end8:
	.size	fputc, .Lfunc_end8-fputc
	.cfi_endproc
	.cantunwind
	.fnend
                                        @ -- End function
	.section	.text.fgetc,"ax",%progbits
	.hidden	fgetc                   @ -- Begin function fgetc
	.globl	fgetc
	.p2align	1
	.type	fgetc,%function
	.code	16                      @ @fgetc
	.thumb_func
fgetc:
.Lfunc_begin9:
	.loc	2 556 0 is_stmt 1       @ ../../../Library/StdDriver/src/retarget.c:556:0
	.fnstart
	.cfi_startproc
@ %bb.0:
	.save	{r7, lr}
	push	{r7, lr}
	.cfi_def_cfa_offset 8
	.cfi_offset lr, -4
	.cfi_offset r7, -8
	.pad	#8
	sub	sp, #8
	.cfi_def_cfa_offset 16
	mov	r1, r0
	str	r0, [sp, #4]
.Ltmp25:
	.loc	2 558 18 prologue_end   @ ../../../Library/StdDriver/src/retarget.c:558:18
	str	r1, [sp]                @ 4-byte Spill
	bl	GetChar
	.loc	2 558 5 is_stmt 0       @ ../../../Library/StdDriver/src/retarget.c:558:5
	add	sp, #8
	pop	{r7, pc}
.Ltmp26:
.Lfunc_end9:
	.size	fgetc, .Lfunc_end9-fgetc
	.cfi_endproc
	.cantunwind
	.fnend
                                        @ -- End function
	.section	.text.ferror,"ax",%progbits
	.hidden	ferror                  @ -- Begin function ferror
	.globl	ferror
	.p2align	1
	.type	ferror,%function
	.code	16                      @ @ferror
	.thumb_func
ferror:
.Lfunc_begin10:
	.loc	2 577 0 is_stmt 1       @ ../../../Library/StdDriver/src/retarget.c:577:0
	.fnstart
	.cfi_startproc
@ %bb.0:
	.pad	#8
	sub	sp, #8
	.cfi_def_cfa_offset 8
	mov	r1, r0
	str	r0, [sp, #4]
.Ltmp27:
	.loc	2 579 5 prologue_end    @ ../../../Library/StdDriver/src/retarget.c:579:5
	movs	r0, #0
	mvns	r0, r0
	str	r1, [sp]                @ 4-byte Spill
	add	sp, #8
	bx	lr
.Ltmp28:
.Lfunc_end10:
	.size	ferror, .Lfunc_end10-ferror
	.cfi_endproc
	.cantunwind
	.fnend
                                        @ -- End function
	.type	.L.str,%object          @ @.str
	.section	.rodata.str1.1,"aMS",%progbits,1
.L.str:
	.asciz	"  HardFault!\n\n"
	.size	.L.str, 15

	.hidden	__stdout                @ @__stdout
	.type	__stdout,%object
	.section	.bss.__stdout,"aw",%nobits
	.globl	__stdout
	.p2align	2
__stdout:
	.zero	84
	.size	__stdout, 84

	.hidden	__stdin                 @ @__stdin
	.type	__stdin,%object
	.section	.bss.__stdin,"aw",%nobits
	.globl	__stdin
	.p2align	2
__stdin:
	.zero	84
	.size	__stdin, 84

	.section	.debug_str,"MS",%progbits,1
.Linfo_string0:
	.asciz	"Component: ARM Compiler 6.10.1 Tool: armclang [5d143200]" @ string offset=0
.Linfo_string1:
	.asciz	"../../../Library/StdDriver/src\\retarget.c" @ string offset=57
.Linfo_string2:
	.asciz	"D:\\SourceCode\\_Avery_NUC1262\\NUC1262BSP_LLSI_RGBLED\\SampleCode\\Template\\Keil" @ string offset=99
.Linfo_string3:
	.asciz	"__stdout"              @ string offset=176
.Linfo_string4:
	.asciz	"__FILE_opaque"         @ string offset=185
.Linfo_string5:
	.asciz	"__FILE_alignment"      @ string offset=199
.Linfo_string6:
	.asciz	"long int"              @ string offset=216
.Linfo_string7:
	.asciz	"__FILE_size"           @ string offset=225
.Linfo_string8:
	.asciz	"char"                  @ string offset=237
.Linfo_string9:
	.asciz	"sizetype"              @ string offset=242
.Linfo_string10:
	.asciz	"__FILE"                @ string offset=251
.Linfo_string11:
	.asciz	"FILE"                  @ string offset=258
.Linfo_string12:
	.asciz	"__stdin"               @ string offset=263
.Linfo_string13:
	.asciz	"unsigned int"          @ string offset=271
.Linfo_string14:
	.asciz	"uint32_t"              @ string offset=284
.Linfo_string15:
	.asciz	"DAT"                   @ string offset=293
.Linfo_string16:
	.asciz	"INTEN"                 @ string offset=297
.Linfo_string17:
	.asciz	"FIFO"                  @ string offset=303
.Linfo_string18:
	.asciz	"LINE"                  @ string offset=308
.Linfo_string19:
	.asciz	"MODEM"                 @ string offset=313
.Linfo_string20:
	.asciz	"MODEMSTS"              @ string offset=319
.Linfo_string21:
	.asciz	"FIFOSTS"               @ string offset=328
.Linfo_string22:
	.asciz	"INTSTS"                @ string offset=336
.Linfo_string23:
	.asciz	"TOUT"                  @ string offset=343
.Linfo_string24:
	.asciz	"BAUD"                  @ string offset=348
.Linfo_string25:
	.asciz	"IRDA"                  @ string offset=353
.Linfo_string26:
	.asciz	"ALTCTL"                @ string offset=358
.Linfo_string27:
	.asciz	"FUNCSEL"               @ string offset=365
.Linfo_string28:
	.asciz	"RESERVE0"              @ string offset=373
.Linfo_string29:
	.asciz	"BRCOMP"                @ string offset=382
.Linfo_string30:
	.asciz	"WKCTL"                 @ string offset=389
.Linfo_string31:
	.asciz	"WKSTS"                 @ string offset=395
.Linfo_string32:
	.asciz	"DWKCOMP"               @ string offset=401
.Linfo_string33:
	.asciz	"UART_T"                @ string offset=409
.Linfo_string34:
	.asciz	"int"                   @ string offset=416
.Linfo_string35:
	.asciz	"ProcessHardFault"      @ string offset=420
.Linfo_string36:
	.asciz	"SH_Return"             @ string offset=437
.Linfo_string37:
	.asciz	"int32_t"               @ string offset=447
.Linfo_string38:
	.asciz	"SendChar_ToUART"       @ string offset=455
.Linfo_string39:
	.asciz	"SendChar"              @ string offset=471
.Linfo_string40:
	.asciz	"GetChar"               @ string offset=480
.Linfo_string41:
	.asciz	"kbhit"                 @ string offset=488
.Linfo_string42:
	.asciz	"IsDebugFifoEmpty"      @ string offset=494
.Linfo_string43:
	.asciz	"_ttywrch"              @ string offset=511
.Linfo_string44:
	.asciz	"fputc"                 @ string offset=520
.Linfo_string45:
	.asciz	"fgetc"                 @ string offset=526
.Linfo_string46:
	.asciz	"ferror"                @ string offset=532
.Linfo_string47:
	.asciz	"lr"                    @ string offset=539
.Linfo_string48:
	.asciz	"msp"                   @ string offset=542
.Linfo_string49:
	.asciz	"psp"                   @ string offset=546
.Linfo_string50:
	.asciz	"sp"                    @ string offset=550
.Linfo_string51:
	.asciz	"n32In_R0"              @ string offset=553
.Linfo_string52:
	.asciz	"n32In_R1"              @ string offset=562
.Linfo_string53:
	.asciz	"pn32Out_R0"            @ string offset=571
.Linfo_string54:
	.asciz	"ch"                    @ string offset=582
.Linfo_string55:
	.asciz	"stream"                @ string offset=585
	.section	.debug_abbrev,"",%progbits
	.byte	1                       @ Abbreviation Code
	.byte	17                      @ DW_TAG_compile_unit
	.byte	1                       @ DW_CHILDREN_yes
	.byte	37                      @ DW_AT_producer
	.byte	14                      @ DW_FORM_strp
	.byte	19                      @ DW_AT_language
	.byte	5                       @ DW_FORM_data2
	.byte	3                       @ DW_AT_name
	.byte	14                      @ DW_FORM_strp
	.byte	16                      @ DW_AT_stmt_list
	.byte	6                       @ DW_FORM_data4
	.byte	27                      @ DW_AT_comp_dir
	.byte	14                      @ DW_FORM_strp
	.ascii	"\264B"                 @ DW_AT_GNU_pubnames
	.byte	12                      @ DW_FORM_flag
	.byte	17                      @ DW_AT_low_pc
	.byte	1                       @ DW_FORM_addr
	.byte	85                      @ DW_AT_ranges
	.byte	6                       @ DW_FORM_data4
	.byte	0                       @ EOM(1)
	.byte	0                       @ EOM(2)
	.byte	2                       @ Abbreviation Code
	.byte	52                      @ DW_TAG_variable
	.byte	0                       @ DW_CHILDREN_no
	.byte	3                       @ DW_AT_name
	.byte	14                      @ DW_FORM_strp
	.byte	73                      @ DW_AT_type
	.byte	19                      @ DW_FORM_ref4
	.byte	63                      @ DW_AT_external
	.byte	12                      @ DW_FORM_flag
	.byte	58                      @ DW_AT_decl_file
	.byte	11                      @ DW_FORM_data1
	.byte	59                      @ DW_AT_decl_line
	.byte	11                      @ DW_FORM_data1
	.byte	2                       @ DW_AT_location
	.byte	10                      @ DW_FORM_block1
	.byte	0                       @ EOM(1)
	.byte	0                       @ EOM(2)
	.byte	3                       @ Abbreviation Code
	.byte	22                      @ DW_TAG_typedef
	.byte	0                       @ DW_CHILDREN_no
	.byte	73                      @ DW_AT_type
	.byte	19                      @ DW_FORM_ref4
	.byte	3                       @ DW_AT_name
	.byte	14                      @ DW_FORM_strp
	.byte	58                      @ DW_AT_decl_file
	.byte	11                      @ DW_FORM_data1
	.byte	59                      @ DW_AT_decl_line
	.byte	11                      @ DW_FORM_data1
	.byte	0                       @ EOM(1)
	.byte	0                       @ EOM(2)
	.byte	4                       @ Abbreviation Code
	.byte	19                      @ DW_TAG_structure_type
	.byte	1                       @ DW_CHILDREN_yes
	.byte	3                       @ DW_AT_name
	.byte	14                      @ DW_FORM_strp
	.byte	11                      @ DW_AT_byte_size
	.byte	11                      @ DW_FORM_data1
	.byte	58                      @ DW_AT_decl_file
	.byte	11                      @ DW_FORM_data1
	.byte	59                      @ DW_AT_decl_line
	.byte	11                      @ DW_FORM_data1
	.byte	0                       @ EOM(1)
	.byte	0                       @ EOM(2)
	.byte	5                       @ Abbreviation Code
	.byte	13                      @ DW_TAG_member
	.byte	0                       @ DW_CHILDREN_no
	.byte	3                       @ DW_AT_name
	.byte	14                      @ DW_FORM_strp
	.byte	73                      @ DW_AT_type
	.byte	19                      @ DW_FORM_ref4
	.byte	58                      @ DW_AT_decl_file
	.byte	11                      @ DW_FORM_data1
	.byte	59                      @ DW_AT_decl_line
	.byte	11                      @ DW_FORM_data1
	.byte	56                      @ DW_AT_data_member_location
	.byte	11                      @ DW_FORM_data1
	.byte	0                       @ EOM(1)
	.byte	0                       @ EOM(2)
	.byte	6                       @ Abbreviation Code
	.byte	23                      @ DW_TAG_union_type
	.byte	1                       @ DW_CHILDREN_yes
	.byte	11                      @ DW_AT_byte_size
	.byte	11                      @ DW_FORM_data1
	.byte	58                      @ DW_AT_decl_file
	.byte	11                      @ DW_FORM_data1
	.byte	59                      @ DW_AT_decl_line
	.byte	11                      @ DW_FORM_data1
	.byte	0                       @ EOM(1)
	.byte	0                       @ EOM(2)
	.byte	7                       @ Abbreviation Code
	.byte	36                      @ DW_TAG_base_type
	.byte	0                       @ DW_CHILDREN_no
	.byte	3                       @ DW_AT_name
	.byte	14                      @ DW_FORM_strp
	.byte	62                      @ DW_AT_encoding
	.byte	11                      @ DW_FORM_data1
	.byte	11                      @ DW_AT_byte_size
	.byte	11                      @ DW_FORM_data1
	.byte	0                       @ EOM(1)
	.byte	0                       @ EOM(2)
	.byte	8                       @ Abbreviation Code
	.byte	1                       @ DW_TAG_array_type
	.byte	1                       @ DW_CHILDREN_yes
	.byte	73                      @ DW_AT_type
	.byte	19                      @ DW_FORM_ref4
	.byte	0                       @ EOM(1)
	.byte	0                       @ EOM(2)
	.byte	9                       @ Abbreviation Code
	.byte	33                      @ DW_TAG_subrange_type
	.byte	0                       @ DW_CHILDREN_no
	.byte	73                      @ DW_AT_type
	.byte	19                      @ DW_FORM_ref4
	.byte	55                      @ DW_AT_count
	.byte	11                      @ DW_FORM_data1
	.byte	0                       @ EOM(1)
	.byte	0                       @ EOM(2)
	.byte	10                      @ Abbreviation Code
	.byte	36                      @ DW_TAG_base_type
	.byte	0                       @ DW_CHILDREN_no
	.byte	3                       @ DW_AT_name
	.byte	14                      @ DW_FORM_strp
	.byte	11                      @ DW_AT_byte_size
	.byte	11                      @ DW_FORM_data1
	.byte	62                      @ DW_AT_encoding
	.byte	11                      @ DW_FORM_data1
	.byte	0                       @ EOM(1)
	.byte	0                       @ EOM(2)
	.byte	11                      @ Abbreviation Code
	.byte	15                      @ DW_TAG_pointer_type
	.byte	0                       @ DW_CHILDREN_no
	.byte	73                      @ DW_AT_type
	.byte	19                      @ DW_FORM_ref4
	.byte	0                       @ EOM(1)
	.byte	0                       @ EOM(2)
	.byte	12                      @ Abbreviation Code
	.byte	22                      @ DW_TAG_typedef
	.byte	0                       @ DW_CHILDREN_no
	.byte	73                      @ DW_AT_type
	.byte	19                      @ DW_FORM_ref4
	.byte	3                       @ DW_AT_name
	.byte	14                      @ DW_FORM_strp
	.byte	58                      @ DW_AT_decl_file
	.byte	11                      @ DW_FORM_data1
	.byte	59                      @ DW_AT_decl_line
	.byte	5                       @ DW_FORM_data2
	.byte	0                       @ EOM(1)
	.byte	0                       @ EOM(2)
	.byte	13                      @ Abbreviation Code
	.byte	19                      @ DW_TAG_structure_type
	.byte	1                       @ DW_CHILDREN_yes
	.byte	11                      @ DW_AT_byte_size
	.byte	11                      @ DW_FORM_data1
	.byte	58                      @ DW_AT_decl_file
	.byte	11                      @ DW_FORM_data1
	.byte	59                      @ DW_AT_decl_line
	.byte	5                       @ DW_FORM_data2
	.byte	0                       @ EOM(1)
	.byte	0                       @ EOM(2)
	.byte	14                      @ Abbreviation Code
	.byte	13                      @ DW_TAG_member
	.byte	0                       @ DW_CHILDREN_no
	.byte	3                       @ DW_AT_name
	.byte	14                      @ DW_FORM_strp
	.byte	73                      @ DW_AT_type
	.byte	19                      @ DW_FORM_ref4
	.byte	58                      @ DW_AT_decl_file
	.byte	11                      @ DW_FORM_data1
	.byte	59                      @ DW_AT_decl_line
	.byte	5                       @ DW_FORM_data2
	.byte	56                      @ DW_AT_data_member_location
	.byte	11                      @ DW_FORM_data1
	.byte	0                       @ EOM(1)
	.byte	0                       @ EOM(2)
	.byte	15                      @ Abbreviation Code
	.byte	53                      @ DW_TAG_volatile_type
	.byte	0                       @ DW_CHILDREN_no
	.byte	73                      @ DW_AT_type
	.byte	19                      @ DW_FORM_ref4
	.byte	0                       @ EOM(1)
	.byte	0                       @ EOM(2)
	.byte	16                      @ Abbreviation Code
	.byte	38                      @ DW_TAG_const_type
	.byte	0                       @ DW_CHILDREN_no
	.byte	73                      @ DW_AT_type
	.byte	19                      @ DW_FORM_ref4
	.byte	0                       @ EOM(1)
	.byte	0                       @ EOM(2)
	.byte	17                      @ Abbreviation Code
	.byte	46                      @ DW_TAG_subprogram
	.byte	1                       @ DW_CHILDREN_yes
	.byte	17                      @ DW_AT_low_pc
	.byte	1                       @ DW_FORM_addr
	.byte	18                      @ DW_AT_high_pc
	.byte	1                       @ DW_FORM_addr
	.byte	64                      @ DW_AT_frame_base
	.byte	10                      @ DW_FORM_block1
	.byte	3                       @ DW_AT_name
	.byte	14                      @ DW_FORM_strp
	.byte	58                      @ DW_AT_decl_file
	.byte	11                      @ DW_FORM_data1
	.byte	59                      @ DW_AT_decl_line
	.byte	11                      @ DW_FORM_data1
	.byte	39                      @ DW_AT_prototyped
	.byte	12                      @ DW_FORM_flag
	.byte	73                      @ DW_AT_type
	.byte	19                      @ DW_FORM_ref4
	.byte	63                      @ DW_AT_external
	.byte	12                      @ DW_FORM_flag
	.byte	0                       @ EOM(1)
	.byte	0                       @ EOM(2)
	.byte	18                      @ Abbreviation Code
	.byte	5                       @ DW_TAG_formal_parameter
	.byte	0                       @ DW_CHILDREN_no
	.byte	2                       @ DW_AT_location
	.byte	10                      @ DW_FORM_block1
	.byte	3                       @ DW_AT_name
	.byte	14                      @ DW_FORM_strp
	.byte	58                      @ DW_AT_decl_file
	.byte	11                      @ DW_FORM_data1
	.byte	59                      @ DW_AT_decl_line
	.byte	11                      @ DW_FORM_data1
	.byte	73                      @ DW_AT_type
	.byte	19                      @ DW_FORM_ref4
	.byte	0                       @ EOM(1)
	.byte	0                       @ EOM(2)
	.byte	19                      @ Abbreviation Code
	.byte	52                      @ DW_TAG_variable
	.byte	0                       @ DW_CHILDREN_no
	.byte	2                       @ DW_AT_location
	.byte	10                      @ DW_FORM_block1
	.byte	3                       @ DW_AT_name
	.byte	14                      @ DW_FORM_strp
	.byte	58                      @ DW_AT_decl_file
	.byte	11                      @ DW_FORM_data1
	.byte	59                      @ DW_AT_decl_line
	.byte	11                      @ DW_FORM_data1
	.byte	73                      @ DW_AT_type
	.byte	19                      @ DW_FORM_ref4
	.byte	0                       @ EOM(1)
	.byte	0                       @ EOM(2)
	.byte	20                      @ Abbreviation Code
	.byte	46                      @ DW_TAG_subprogram
	.byte	1                       @ DW_CHILDREN_yes
	.byte	17                      @ DW_AT_low_pc
	.byte	1                       @ DW_FORM_addr
	.byte	18                      @ DW_AT_high_pc
	.byte	1                       @ DW_FORM_addr
	.byte	64                      @ DW_AT_frame_base
	.byte	10                      @ DW_FORM_block1
	.byte	3                       @ DW_AT_name
	.byte	14                      @ DW_FORM_strp
	.byte	58                      @ DW_AT_decl_file
	.byte	11                      @ DW_FORM_data1
	.byte	59                      @ DW_AT_decl_line
	.byte	5                       @ DW_FORM_data2
	.byte	39                      @ DW_AT_prototyped
	.byte	12                      @ DW_FORM_flag
	.byte	63                      @ DW_AT_external
	.byte	12                      @ DW_FORM_flag
	.byte	0                       @ EOM(1)
	.byte	0                       @ EOM(2)
	.byte	21                      @ Abbreviation Code
	.byte	5                       @ DW_TAG_formal_parameter
	.byte	0                       @ DW_CHILDREN_no
	.byte	2                       @ DW_AT_location
	.byte	10                      @ DW_FORM_block1
	.byte	3                       @ DW_AT_name
	.byte	14                      @ DW_FORM_strp
	.byte	58                      @ DW_AT_decl_file
	.byte	11                      @ DW_FORM_data1
	.byte	59                      @ DW_AT_decl_line
	.byte	5                       @ DW_FORM_data2
	.byte	73                      @ DW_AT_type
	.byte	19                      @ DW_FORM_ref4
	.byte	0                       @ EOM(1)
	.byte	0                       @ EOM(2)
	.byte	22                      @ Abbreviation Code
	.byte	46                      @ DW_TAG_subprogram
	.byte	0                       @ DW_CHILDREN_no
	.byte	17                      @ DW_AT_low_pc
	.byte	1                       @ DW_FORM_addr
	.byte	18                      @ DW_AT_high_pc
	.byte	1                       @ DW_FORM_addr
	.byte	64                      @ DW_AT_frame_base
	.byte	10                      @ DW_FORM_block1
	.byte	3                       @ DW_AT_name
	.byte	14                      @ DW_FORM_strp
	.byte	58                      @ DW_AT_decl_file
	.byte	11                      @ DW_FORM_data1
	.byte	59                      @ DW_AT_decl_line
	.byte	5                       @ DW_FORM_data2
	.byte	39                      @ DW_AT_prototyped
	.byte	12                      @ DW_FORM_flag
	.byte	73                      @ DW_AT_type
	.byte	19                      @ DW_FORM_ref4
	.byte	63                      @ DW_AT_external
	.byte	12                      @ DW_FORM_flag
	.byte	0                       @ EOM(1)
	.byte	0                       @ EOM(2)
	.byte	23                      @ Abbreviation Code
	.byte	46                      @ DW_TAG_subprogram
	.byte	1                       @ DW_CHILDREN_yes
	.byte	17                      @ DW_AT_low_pc
	.byte	1                       @ DW_FORM_addr
	.byte	18                      @ DW_AT_high_pc
	.byte	1                       @ DW_FORM_addr
	.byte	64                      @ DW_AT_frame_base
	.byte	10                      @ DW_FORM_block1
	.byte	3                       @ DW_AT_name
	.byte	14                      @ DW_FORM_strp
	.byte	58                      @ DW_AT_decl_file
	.byte	11                      @ DW_FORM_data1
	.byte	59                      @ DW_AT_decl_line
	.byte	5                       @ DW_FORM_data2
	.byte	39                      @ DW_AT_prototyped
	.byte	12                      @ DW_FORM_flag
	.byte	73                      @ DW_AT_type
	.byte	19                      @ DW_FORM_ref4
	.byte	63                      @ DW_AT_external
	.byte	12                      @ DW_FORM_flag
	.byte	0                       @ EOM(1)
	.byte	0                       @ EOM(2)
	.byte	0                       @ EOM(3)
	.section	.debug_info,"",%progbits
.Lcu_begin0:
	.long	957                     @ Length of Unit
	.short	3                       @ DWARF version number
	.long	.debug_abbrev           @ Offset Into Abbrev. Section
	.byte	4                       @ Address Size (in bytes)
	.byte	1                       @ Abbrev [1] 0xb:0x3b6 DW_TAG_compile_unit
	.long	.Linfo_string0          @ DW_AT_producer
	.short	1                       @ DW_AT_language
	.long	.Linfo_string1          @ DW_AT_name
	.long	.Lline_table_start0     @ DW_AT_stmt_list
	.long	.Linfo_string2          @ DW_AT_comp_dir
	.byte	1                       @ DW_AT_GNU_pubnames
	.long	0                       @ DW_AT_low_pc
	.long	.Ldebug_ranges0         @ DW_AT_ranges
	.byte	2                       @ Abbrev [2] 0x27:0x12 DW_TAG_variable
	.long	.Linfo_string3          @ DW_AT_name
	.long	57                      @ DW_AT_type
	.byte	1                       @ DW_AT_external
	.byte	2                       @ DW_AT_decl_file
	.byte	43                      @ DW_AT_decl_line
	.byte	5                       @ DW_AT_location
	.byte	3
	.long	__stdout
	.byte	3                       @ Abbrev [3] 0x39:0xb DW_TAG_typedef
	.long	68                      @ DW_AT_type
	.long	.Linfo_string11         @ DW_AT_name
	.byte	1                       @ DW_AT_decl_file
	.byte	108                     @ DW_AT_decl_line
	.byte	4                       @ Abbrev [4] 0x44:0x32 DW_TAG_structure_type
	.long	.Linfo_string10         @ DW_AT_name
	.byte	84                      @ DW_AT_byte_size
	.byte	1                       @ DW_AT_decl_file
	.byte	119                     @ DW_AT_decl_line
	.byte	5                       @ Abbrev [5] 0x4c:0xc DW_TAG_member
	.long	.Linfo_string4          @ DW_AT_name
	.long	88                      @ DW_AT_type
	.byte	1                       @ DW_AT_decl_file
	.byte	127                     @ DW_AT_decl_line
	.byte	0                       @ DW_AT_data_member_location
	.byte	6                       @ Abbrev [6] 0x58:0x1d DW_TAG_union_type
	.byte	84                      @ DW_AT_byte_size
	.byte	1                       @ DW_AT_decl_file
	.byte	120                     @ DW_AT_decl_line
	.byte	5                       @ Abbrev [5] 0x5c:0xc DW_TAG_member
	.long	.Linfo_string5          @ DW_AT_name
	.long	118                     @ DW_AT_type
	.byte	1                       @ DW_AT_decl_file
	.byte	121                     @ DW_AT_decl_line
	.byte	0                       @ DW_AT_data_member_location
	.byte	5                       @ Abbrev [5] 0x68:0xc DW_TAG_member
	.long	.Linfo_string7          @ DW_AT_name
	.long	125                     @ DW_AT_type
	.byte	1                       @ DW_AT_decl_file
	.byte	125                     @ DW_AT_decl_line
	.byte	0                       @ DW_AT_data_member_location
	.byte	0                       @ End Of Children Mark
	.byte	0                       @ End Of Children Mark
	.byte	7                       @ Abbrev [7] 0x76:0x7 DW_TAG_base_type
	.long	.Linfo_string6          @ DW_AT_name
	.byte	5                       @ DW_AT_encoding
	.byte	4                       @ DW_AT_byte_size
	.byte	8                       @ Abbrev [8] 0x7d:0xc DW_TAG_array_type
	.long	137                     @ DW_AT_type
	.byte	9                       @ Abbrev [9] 0x82:0x6 DW_TAG_subrange_type
	.long	144                     @ DW_AT_type
	.byte	84                      @ DW_AT_count
	.byte	0                       @ End Of Children Mark
	.byte	7                       @ Abbrev [7] 0x89:0x7 DW_TAG_base_type
	.long	.Linfo_string8          @ DW_AT_name
	.byte	8                       @ DW_AT_encoding
	.byte	1                       @ DW_AT_byte_size
	.byte	10                      @ Abbrev [10] 0x90:0x7 DW_TAG_base_type
	.long	.Linfo_string9          @ DW_AT_name
	.byte	8                       @ DW_AT_byte_size
	.byte	7                       @ DW_AT_encoding
	.byte	2                       @ Abbrev [2] 0x97:0x12 DW_TAG_variable
	.long	.Linfo_string12         @ DW_AT_name
	.long	57                      @ DW_AT_type
	.byte	1                       @ DW_AT_external
	.byte	2                       @ DW_AT_decl_file
	.byte	44                      @ DW_AT_decl_line
	.byte	5                       @ DW_AT_location
	.byte	3
	.long	__stdin
	.byte	11                      @ Abbrev [11] 0xa9:0x5 DW_TAG_pointer_type
	.long	174                     @ DW_AT_type
	.byte	3                       @ Abbrev [3] 0xae:0xb DW_TAG_typedef
	.long	185                     @ DW_AT_type
	.long	.Linfo_string14         @ DW_AT_name
	.byte	3                       @ DW_AT_decl_file
	.byte	64                      @ DW_AT_decl_line
	.byte	7                       @ Abbrev [7] 0xb9:0x7 DW_TAG_base_type
	.long	.Linfo_string13         @ DW_AT_name
	.byte	7                       @ DW_AT_encoding
	.byte	4                       @ DW_AT_byte_size
	.byte	11                      @ Abbrev [11] 0xc0:0x5 DW_TAG_pointer_type
	.long	197                     @ DW_AT_type
	.byte	12                      @ Abbrev [12] 0xc5:0xc DW_TAG_typedef
	.long	209                     @ DW_AT_type
	.long	.Linfo_string33         @ DW_AT_name
	.byte	4                       @ DW_AT_decl_file
	.short	10124                   @ DW_AT_decl_line
	.byte	13                      @ Abbrev [13] 0xd1:0xf0 DW_TAG_structure_type
	.byte	76                      @ DW_AT_byte_size
	.byte	4                       @ DW_AT_decl_file
	.short	9469                    @ DW_AT_decl_line
	.byte	14                      @ Abbrev [14] 0xd6:0xd DW_TAG_member
	.long	.Linfo_string15         @ DW_AT_name
	.long	449                     @ DW_AT_type
	.byte	4                       @ DW_AT_decl_file
	.short	10104                   @ DW_AT_decl_line
	.byte	0                       @ DW_AT_data_member_location
	.byte	14                      @ Abbrev [14] 0xe3:0xd DW_TAG_member
	.long	.Linfo_string16         @ DW_AT_name
	.long	449                     @ DW_AT_type
	.byte	4                       @ DW_AT_decl_file
	.short	10105                   @ DW_AT_decl_line
	.byte	4                       @ DW_AT_data_member_location
	.byte	14                      @ Abbrev [14] 0xf0:0xd DW_TAG_member
	.long	.Linfo_string17         @ DW_AT_name
	.long	449                     @ DW_AT_type
	.byte	4                       @ DW_AT_decl_file
	.short	10106                   @ DW_AT_decl_line
	.byte	8                       @ DW_AT_data_member_location
	.byte	14                      @ Abbrev [14] 0xfd:0xd DW_TAG_member
	.long	.Linfo_string18         @ DW_AT_name
	.long	449                     @ DW_AT_type
	.byte	4                       @ DW_AT_decl_file
	.short	10107                   @ DW_AT_decl_line
	.byte	12                      @ DW_AT_data_member_location
	.byte	14                      @ Abbrev [14] 0x10a:0xd DW_TAG_member
	.long	.Linfo_string19         @ DW_AT_name
	.long	449                     @ DW_AT_type
	.byte	4                       @ DW_AT_decl_file
	.short	10108                   @ DW_AT_decl_line
	.byte	16                      @ DW_AT_data_member_location
	.byte	14                      @ Abbrev [14] 0x117:0xd DW_TAG_member
	.long	.Linfo_string20         @ DW_AT_name
	.long	449                     @ DW_AT_type
	.byte	4                       @ DW_AT_decl_file
	.short	10109                   @ DW_AT_decl_line
	.byte	20                      @ DW_AT_data_member_location
	.byte	14                      @ Abbrev [14] 0x124:0xd DW_TAG_member
	.long	.Linfo_string21         @ DW_AT_name
	.long	449                     @ DW_AT_type
	.byte	4                       @ DW_AT_decl_file
	.short	10110                   @ DW_AT_decl_line
	.byte	24                      @ DW_AT_data_member_location
	.byte	14                      @ Abbrev [14] 0x131:0xd DW_TAG_member
	.long	.Linfo_string22         @ DW_AT_name
	.long	449                     @ DW_AT_type
	.byte	4                       @ DW_AT_decl_file
	.short	10111                   @ DW_AT_decl_line
	.byte	28                      @ DW_AT_data_member_location
	.byte	14                      @ Abbrev [14] 0x13e:0xd DW_TAG_member
	.long	.Linfo_string23         @ DW_AT_name
	.long	449                     @ DW_AT_type
	.byte	4                       @ DW_AT_decl_file
	.short	10112                   @ DW_AT_decl_line
	.byte	32                      @ DW_AT_data_member_location
	.byte	14                      @ Abbrev [14] 0x14b:0xd DW_TAG_member
	.long	.Linfo_string24         @ DW_AT_name
	.long	449                     @ DW_AT_type
	.byte	4                       @ DW_AT_decl_file
	.short	10113                   @ DW_AT_decl_line
	.byte	36                      @ DW_AT_data_member_location
	.byte	14                      @ Abbrev [14] 0x158:0xd DW_TAG_member
	.long	.Linfo_string25         @ DW_AT_name
	.long	449                     @ DW_AT_type
	.byte	4                       @ DW_AT_decl_file
	.short	10114                   @ DW_AT_decl_line
	.byte	40                      @ DW_AT_data_member_location
	.byte	14                      @ Abbrev [14] 0x165:0xd DW_TAG_member
	.long	.Linfo_string26         @ DW_AT_name
	.long	449                     @ DW_AT_type
	.byte	4                       @ DW_AT_decl_file
	.short	10115                   @ DW_AT_decl_line
	.byte	44                      @ DW_AT_data_member_location
	.byte	14                      @ Abbrev [14] 0x172:0xd DW_TAG_member
	.long	.Linfo_string27         @ DW_AT_name
	.long	449                     @ DW_AT_type
	.byte	4                       @ DW_AT_decl_file
	.short	10116                   @ DW_AT_decl_line
	.byte	48                      @ DW_AT_data_member_location
	.byte	14                      @ Abbrev [14] 0x17f:0xd DW_TAG_member
	.long	.Linfo_string28         @ DW_AT_name
	.long	454                     @ DW_AT_type
	.byte	4                       @ DW_AT_decl_file
	.short	10117                   @ DW_AT_decl_line
	.byte	52                      @ DW_AT_data_member_location
	.byte	14                      @ Abbrev [14] 0x18c:0xd DW_TAG_member
	.long	.Linfo_string29         @ DW_AT_name
	.long	449                     @ DW_AT_type
	.byte	4                       @ DW_AT_decl_file
	.short	10118                   @ DW_AT_decl_line
	.byte	60                      @ DW_AT_data_member_location
	.byte	14                      @ Abbrev [14] 0x199:0xd DW_TAG_member
	.long	.Linfo_string30         @ DW_AT_name
	.long	449                     @ DW_AT_type
	.byte	4                       @ DW_AT_decl_file
	.short	10119                   @ DW_AT_decl_line
	.byte	64                      @ DW_AT_data_member_location
	.byte	14                      @ Abbrev [14] 0x1a6:0xd DW_TAG_member
	.long	.Linfo_string31         @ DW_AT_name
	.long	449                     @ DW_AT_type
	.byte	4                       @ DW_AT_decl_file
	.short	10120                   @ DW_AT_decl_line
	.byte	68                      @ DW_AT_data_member_location
	.byte	14                      @ Abbrev [14] 0x1b3:0xd DW_TAG_member
	.long	.Linfo_string32         @ DW_AT_name
	.long	449                     @ DW_AT_type
	.byte	4                       @ DW_AT_decl_file
	.short	10121                   @ DW_AT_decl_line
	.byte	72                      @ DW_AT_data_member_location
	.byte	0                       @ End Of Children Mark
	.byte	15                      @ Abbrev [15] 0x1c1:0x5 DW_TAG_volatile_type
	.long	174                     @ DW_AT_type
	.byte	8                       @ Abbrev [8] 0x1c6:0xc DW_TAG_array_type
	.long	466                     @ DW_AT_type
	.byte	9                       @ Abbrev [9] 0x1cb:0x6 DW_TAG_subrange_type
	.long	144                     @ DW_AT_type
	.byte	2                       @ DW_AT_count
	.byte	0                       @ End Of Children Mark
	.byte	16                      @ Abbrev [16] 0x1d2:0x5 DW_TAG_const_type
	.long	449                     @ DW_AT_type
	.byte	7                       @ Abbrev [7] 0x1d7:0x7 DW_TAG_base_type
	.long	.Linfo_string34         @ DW_AT_name
	.byte	5                       @ DW_AT_encoding
	.byte	4                       @ DW_AT_byte_size
	.byte	17                      @ Abbrev [17] 0x1de:0x50 DW_TAG_subprogram
	.long	.Lfunc_begin0           @ DW_AT_low_pc
	.long	.Lfunc_end0             @ DW_AT_high_pc
	.byte	1                       @ DW_AT_frame_base
	.byte	93
	.long	.Linfo_string35         @ DW_AT_name
	.byte	2                       @ DW_AT_decl_file
	.byte	194                     @ DW_AT_decl_line
	.byte	1                       @ DW_AT_prototyped
	.long	174                     @ DW_AT_type
	.byte	1                       @ DW_AT_external
	.byte	18                      @ Abbrev [18] 0x1f5:0xe DW_TAG_formal_parameter
	.byte	2                       @ DW_AT_location
	.byte	145
	.byte	28
	.long	.Linfo_string47         @ DW_AT_name
	.byte	2                       @ DW_AT_decl_file
	.byte	194                     @ DW_AT_decl_line
	.long	174                     @ DW_AT_type
	.byte	18                      @ Abbrev [18] 0x203:0xe DW_TAG_formal_parameter
	.byte	2                       @ DW_AT_location
	.byte	145
	.byte	24
	.long	.Linfo_string48         @ DW_AT_name
	.byte	2                       @ DW_AT_decl_file
	.byte	194                     @ DW_AT_decl_line
	.long	174                     @ DW_AT_type
	.byte	18                      @ Abbrev [18] 0x211:0xe DW_TAG_formal_parameter
	.byte	2                       @ DW_AT_location
	.byte	145
	.byte	20
	.long	.Linfo_string49         @ DW_AT_name
	.byte	2                       @ DW_AT_decl_file
	.byte	194                     @ DW_AT_decl_line
	.long	174                     @ DW_AT_type
	.byte	19                      @ Abbrev [19] 0x21f:0xe DW_TAG_variable
	.byte	2                       @ DW_AT_location
	.byte	145
	.byte	16
	.long	.Linfo_string50         @ DW_AT_name
	.byte	2                       @ DW_AT_decl_file
	.byte	196                     @ DW_AT_decl_line
	.long	169                     @ DW_AT_type
	.byte	0                       @ End Of Children Mark
	.byte	17                      @ Abbrev [17] 0x22e:0x42 DW_TAG_subprogram
	.long	.Lfunc_begin1           @ DW_AT_low_pc
	.long	.Lfunc_end1             @ DW_AT_high_pc
	.byte	1                       @ DW_AT_frame_base
	.byte	93
	.long	.Linfo_string36         @ DW_AT_name
	.byte	2                       @ DW_AT_decl_file
	.byte	249                     @ DW_AT_decl_line
	.byte	1                       @ DW_AT_prototyped
	.long	939                     @ DW_AT_type
	.byte	1                       @ DW_AT_external
	.byte	18                      @ Abbrev [18] 0x245:0xe DW_TAG_formal_parameter
	.byte	2                       @ DW_AT_location
	.byte	145
	.byte	20
	.long	.Linfo_string51         @ DW_AT_name
	.byte	2                       @ DW_AT_decl_file
	.byte	249                     @ DW_AT_decl_line
	.long	939                     @ DW_AT_type
	.byte	18                      @ Abbrev [18] 0x253:0xe DW_TAG_formal_parameter
	.byte	2                       @ DW_AT_location
	.byte	145
	.byte	16
	.long	.Linfo_string52         @ DW_AT_name
	.byte	2                       @ DW_AT_decl_file
	.byte	249                     @ DW_AT_decl_line
	.long	939                     @ DW_AT_type
	.byte	18                      @ Abbrev [18] 0x261:0xe DW_TAG_formal_parameter
	.byte	2                       @ DW_AT_location
	.byte	145
	.byte	12
	.long	.Linfo_string53         @ DW_AT_name
	.byte	2                       @ DW_AT_decl_file
	.byte	249                     @ DW_AT_decl_line
	.long	950                     @ DW_AT_type
	.byte	0                       @ End Of Children Mark
	.byte	20                      @ Abbrev [20] 0x270:0x24 DW_TAG_subprogram
	.long	.Lfunc_begin2           @ DW_AT_low_pc
	.long	.Lfunc_end2             @ DW_AT_high_pc
	.byte	1                       @ DW_AT_frame_base
	.byte	93
	.long	.Linfo_string38         @ DW_AT_name
	.byte	2                       @ DW_AT_decl_file
	.short	267                     @ DW_AT_decl_line
	.byte	1                       @ DW_AT_prototyped
	.byte	1                       @ DW_AT_external
	.byte	21                      @ Abbrev [21] 0x284:0xf DW_TAG_formal_parameter
	.byte	2                       @ DW_AT_location
	.byte	145
	.byte	4
	.long	.Linfo_string54         @ DW_AT_name
	.byte	2                       @ DW_AT_decl_file
	.short	267                     @ DW_AT_decl_line
	.long	471                     @ DW_AT_type
	.byte	0                       @ End Of Children Mark
	.byte	20                      @ Abbrev [20] 0x294:0x24 DW_TAG_subprogram
	.long	.Lfunc_begin3           @ DW_AT_low_pc
	.long	.Lfunc_end3             @ DW_AT_high_pc
	.byte	1                       @ DW_AT_frame_base
	.byte	93
	.long	.Linfo_string39         @ DW_AT_name
	.byte	2                       @ DW_AT_decl_file
	.short	345                     @ DW_AT_decl_line
	.byte	1                       @ DW_AT_prototyped
	.byte	1                       @ DW_AT_external
	.byte	21                      @ Abbrev [21] 0x2a8:0xf DW_TAG_formal_parameter
	.byte	2                       @ DW_AT_location
	.byte	145
	.byte	4
	.long	.Linfo_string54         @ DW_AT_name
	.byte	2                       @ DW_AT_decl_file
	.short	345                     @ DW_AT_decl_line
	.long	471                     @ DW_AT_type
	.byte	0                       @ End Of Children Mark
	.byte	22                      @ Abbrev [22] 0x2b8:0x18 DW_TAG_subprogram
	.long	.Lfunc_begin4           @ DW_AT_low_pc
	.long	.Lfunc_end4             @ DW_AT_high_pc
	.byte	1                       @ DW_AT_frame_base
	.byte	93
	.long	.Linfo_string40         @ DW_AT_name
	.byte	2                       @ DW_AT_decl_file
	.short	389                     @ DW_AT_decl_line
	.byte	1                       @ DW_AT_prototyped
	.long	137                     @ DW_AT_type
	.byte	1                       @ DW_AT_external
	.byte	22                      @ Abbrev [22] 0x2d0:0x18 DW_TAG_subprogram
	.long	.Lfunc_begin5           @ DW_AT_low_pc
	.long	.Lfunc_end5             @ DW_AT_high_pc
	.byte	1                       @ DW_AT_frame_base
	.byte	93
	.long	.Linfo_string41         @ DW_AT_name
	.byte	2                       @ DW_AT_decl_file
	.short	449                     @ DW_AT_decl_line
	.byte	1                       @ DW_AT_prototyped
	.long	471                     @ DW_AT_type
	.byte	1                       @ DW_AT_external
	.byte	22                      @ Abbrev [22] 0x2e8:0x18 DW_TAG_subprogram
	.long	.Lfunc_begin6           @ DW_AT_low_pc
	.long	.Lfunc_end6             @ DW_AT_high_pc
	.byte	1                       @ DW_AT_frame_base
	.byte	93
	.long	.Linfo_string42         @ DW_AT_name
	.byte	2                       @ DW_AT_decl_file
	.short	464                     @ DW_AT_decl_line
	.byte	1                       @ DW_AT_prototyped
	.long	471                     @ DW_AT_type
	.byte	1                       @ DW_AT_external
	.byte	20                      @ Abbrev [20] 0x300:0x24 DW_TAG_subprogram
	.long	.Lfunc_begin7           @ DW_AT_low_pc
	.long	.Lfunc_end7             @ DW_AT_high_pc
	.byte	1                       @ DW_AT_frame_base
	.byte	93
	.long	.Linfo_string43         @ DW_AT_name
	.byte	2                       @ DW_AT_decl_file
	.short	479                     @ DW_AT_decl_line
	.byte	1                       @ DW_AT_prototyped
	.byte	1                       @ DW_AT_external
	.byte	21                      @ Abbrev [21] 0x314:0xf DW_TAG_formal_parameter
	.byte	2                       @ DW_AT_location
	.byte	145
	.byte	4
	.long	.Linfo_string54         @ DW_AT_name
	.byte	2                       @ DW_AT_decl_file
	.short	479                     @ DW_AT_decl_line
	.long	471                     @ DW_AT_type
	.byte	0                       @ End Of Children Mark
	.byte	23                      @ Abbrev [23] 0x324:0x37 DW_TAG_subprogram
	.long	.Lfunc_begin8           @ DW_AT_low_pc
	.long	.Lfunc_end8             @ DW_AT_high_pc
	.byte	1                       @ DW_AT_frame_base
	.byte	93
	.long	.Linfo_string44         @ DW_AT_name
	.byte	2                       @ DW_AT_decl_file
	.short	504                     @ DW_AT_decl_line
	.byte	1                       @ DW_AT_prototyped
	.long	471                     @ DW_AT_type
	.byte	1                       @ DW_AT_external
	.byte	21                      @ Abbrev [21] 0x33c:0xf DW_TAG_formal_parameter
	.byte	2                       @ DW_AT_location
	.byte	145
	.byte	12
	.long	.Linfo_string54         @ DW_AT_name
	.byte	2                       @ DW_AT_decl_file
	.short	504                     @ DW_AT_decl_line
	.long	471                     @ DW_AT_type
	.byte	21                      @ Abbrev [21] 0x34b:0xf DW_TAG_formal_parameter
	.byte	2                       @ DW_AT_location
	.byte	145
	.byte	8
	.long	.Linfo_string55         @ DW_AT_name
	.byte	2                       @ DW_AT_decl_file
	.short	504                     @ DW_AT_decl_line
	.long	955                     @ DW_AT_type
	.byte	0                       @ End Of Children Mark
	.byte	23                      @ Abbrev [23] 0x35b:0x28 DW_TAG_subprogram
	.long	.Lfunc_begin9           @ DW_AT_low_pc
	.long	.Lfunc_end9             @ DW_AT_high_pc
	.byte	1                       @ DW_AT_frame_base
	.byte	93
	.long	.Linfo_string45         @ DW_AT_name
	.byte	2                       @ DW_AT_decl_file
	.short	555                     @ DW_AT_decl_line
	.byte	1                       @ DW_AT_prototyped
	.long	471                     @ DW_AT_type
	.byte	1                       @ DW_AT_external
	.byte	21                      @ Abbrev [21] 0x373:0xf DW_TAG_formal_parameter
	.byte	2                       @ DW_AT_location
	.byte	145
	.byte	4
	.long	.Linfo_string55         @ DW_AT_name
	.byte	2                       @ DW_AT_decl_file
	.short	555                     @ DW_AT_decl_line
	.long	955                     @ DW_AT_type
	.byte	0                       @ End Of Children Mark
	.byte	23                      @ Abbrev [23] 0x383:0x28 DW_TAG_subprogram
	.long	.Lfunc_begin10          @ DW_AT_low_pc
	.long	.Lfunc_end10            @ DW_AT_high_pc
	.byte	1                       @ DW_AT_frame_base
	.byte	93
	.long	.Linfo_string46         @ DW_AT_name
	.byte	2                       @ DW_AT_decl_file
	.short	576                     @ DW_AT_decl_line
	.byte	1                       @ DW_AT_prototyped
	.long	471                     @ DW_AT_type
	.byte	1                       @ DW_AT_external
	.byte	21                      @ Abbrev [21] 0x39b:0xf DW_TAG_formal_parameter
	.byte	2                       @ DW_AT_location
	.byte	145
	.byte	4
	.long	.Linfo_string55         @ DW_AT_name
	.byte	2                       @ DW_AT_decl_file
	.short	576                     @ DW_AT_decl_line
	.long	955                     @ DW_AT_type
	.byte	0                       @ End Of Children Mark
	.byte	3                       @ Abbrev [3] 0x3ab:0xb DW_TAG_typedef
	.long	471                     @ DW_AT_type
	.long	.Linfo_string37         @ DW_AT_name
	.byte	3                       @ DW_AT_decl_file
	.byte	58                      @ DW_AT_decl_line
	.byte	11                      @ Abbrev [11] 0x3b6:0x5 DW_TAG_pointer_type
	.long	939                     @ DW_AT_type
	.byte	11                      @ Abbrev [11] 0x3bb:0x5 DW_TAG_pointer_type
	.long	57                      @ DW_AT_type
	.byte	0                       @ End Of Children Mark
	.section	.debug_ranges,"",%progbits
.Ldebug_ranges0:
	.long	.Lfunc_begin0
	.long	.Lfunc_end0
	.long	.Lfunc_begin1
	.long	.Lfunc_end1
	.long	.Lfunc_begin2
	.long	.Lfunc_end2
	.long	.Lfunc_begin3
	.long	.Lfunc_end3
	.long	.Lfunc_begin4
	.long	.Lfunc_end4
	.long	.Lfunc_begin5
	.long	.Lfunc_end5
	.long	.Lfunc_begin6
	.long	.Lfunc_end6
	.long	.Lfunc_begin7
	.long	.Lfunc_end7
	.long	.Lfunc_begin8
	.long	.Lfunc_end8
	.long	.Lfunc_begin9
	.long	.Lfunc_end9
	.long	.Lfunc_begin10
	.long	.Lfunc_end10
	.long	0
	.long	0
	.section	.debug_macinfo,"",%progbits
.Lcu_macro_begin0:
	.byte	0                       @ End Of Macro List Mark
	.section	.debug_pubnames,"",%progbits
	.long	.LpubNames_end0-.LpubNames_begin0 @ Length of Public Names Info
.LpubNames_begin0:
	.short	2                       @ DWARF Version
	.long	.Lcu_begin0             @ Offset of Compilation Unit Info
	.long	961                     @ Compilation Unit Length
	.long	151                     @ DIE offset
	.asciz	"__stdin"               @ External Name
	.long	39                      @ DIE offset
	.asciz	"__stdout"              @ External Name
	.long	804                     @ DIE offset
	.asciz	"fputc"                 @ External Name
	.long	624                     @ DIE offset
	.asciz	"SendChar_ToUART"       @ External Name
	.long	660                     @ DIE offset
	.asciz	"SendChar"              @ External Name
	.long	859                     @ DIE offset
	.asciz	"fgetc"                 @ External Name
	.long	899                     @ DIE offset
	.asciz	"ferror"                @ External Name
	.long	720                     @ DIE offset
	.asciz	"kbhit"                 @ External Name
	.long	768                     @ DIE offset
	.asciz	"_ttywrch"              @ External Name
	.long	744                     @ DIE offset
	.asciz	"IsDebugFifoEmpty"      @ External Name
	.long	478                     @ DIE offset
	.asciz	"ProcessHardFault"      @ External Name
	.long	558                     @ DIE offset
	.asciz	"SH_Return"             @ External Name
	.long	696                     @ DIE offset
	.asciz	"GetChar"               @ External Name
	.long	0                       @ End Mark
.LpubNames_end0:
	.section	.debug_pubtypes,"",%progbits
	.long	.LpubTypes_end0-.LpubTypes_begin0 @ Length of Public Types Info
.LpubTypes_begin0:
	.short	2                       @ DWARF Version
	.long	.Lcu_begin0             @ Offset of Compilation Unit Info
	.long	961                     @ Compilation Unit Length
	.long	57                      @ DIE offset
	.asciz	"FILE"                  @ External Name
	.long	197                     @ DIE offset
	.asciz	"UART_T"                @ External Name
	.long	939                     @ DIE offset
	.asciz	"int32_t"               @ External Name
	.long	174                     @ DIE offset
	.asciz	"uint32_t"              @ External Name
	.long	185                     @ DIE offset
	.asciz	"unsigned int"          @ External Name
	.long	118                     @ DIE offset
	.asciz	"long int"              @ External Name
	.long	471                     @ DIE offset
	.asciz	"int"                   @ External Name
	.long	68                      @ DIE offset
	.asciz	"__FILE"                @ External Name
	.long	137                     @ DIE offset
	.asciz	"char"                  @ External Name
	.long	0                       @ End Mark
.LpubTypes_end0:

	.ident	"Component: ARM Compiler 6.10.1 Tool: armclang [5d143200]"
	.section	".note.GNU-stack","",%progbits
	.eabi_attribute	30, 6	@ Tag_ABI_optimization_goals
	.ARM_attribute	16, 1	@ Tag_AV_eba
	.section	.debug_line,"",%progbits
.Lline_table_start0:
