


ARM Macro Assembler    Page 1 


    1 00000000         ;/******************************************************
                       ********************//**
    2 00000000         ; * @file     startup_NUC1262.s
    3 00000000         ; * @version  V3.00
    4 00000000         ; * @brief    NUC1262 Series Startup Source File
    5 00000000         ; *
    6 00000000         ; * @copyright SPDX-License-Identifier: Apache-2.0
    7 00000000         ; * @copyright Copyright (C) 2021 Nuvoton Technology Cor
                       p. All rights reserved.
    8 00000000         ; ******************************************************
                       ************************/
    9 00000000         
   10 00000000         
   11 00000000         ;/*
   12 00000000         ;//-------- <<< Use Configuration Wizard in Context Menu
                        >>> ------------------
   13 00000000         ;*/
   14 00000000         ; <h> Stack Configuration
   15 00000000         ;   <o> Stack Size (in Bytes) <0x0-0xFFFFFFFF:8>
   16 00000000         ; </h>
   17 00000000         
   18 00000000                 IF               :LNOT: :DEF: Stack_Size
   20                          ENDIF
   21 00000000         
   22 00000000                 AREA             STACK, NOINIT, READWRITE, ALIGN
=3
   23 00000000         Stack_Mem
                               SPACE            Stack_Size
   24 00000400         __initial_sp
   25 00000400         
   26 00000400         
   27 00000400         ; <h> Heap Configuration
   28 00000400         ;   <o>  Heap Size (in Bytes) <0x0-0xFFFFFFFF:8>
   29 00000400         ; </h>
   30 00000400         
   31 00000400                 IF               :LNOT: :DEF: Heap_Size
   33                          ENDIF
   34 00000400         
   35 00000400                 AREA             HEAP, NOINIT, READWRITE, ALIGN=
3
   36 00000000         __heap_base
   37 00000000         Heap_Mem
                               SPACE            Heap_Size
   38 00000000         __heap_limit
   39 00000000         
   40 00000000         
   41 00000000                 PRESERVE8
   42 00000000                 THUMB
   43 00000000         
   44 00000000         
   45 00000000         ; Vector Table Mapped to Address 0 at Reset
   46 00000000                 AREA             RESET, DATA, READONLY
   47 00000000                 EXPORT           __Vectors
   48 00000000                 EXPORT           __Vectors_End
   49 00000000                 EXPORT           __Vectors_Size
   50 00000000         
   51 00000000 00000000 
                       __Vectors
                               DCD              __initial_sp ; Top of Stack



ARM Macro Assembler    Page 2 


   52 00000004 00000000        DCD              Reset_Handler ; Reset Handler
   53 00000008 00000000        DCD              NMI_Handler ; NMI Handler
   54 0000000C 00000000        DCD              HardFault_Handler ; Hard Fault 
                                                            Handler
   55 00000010 00000000        DCD              0           ; Reserved
   56 00000014 00000000        DCD              0           ; Reserved
   57 00000018 00000000        DCD              0           ; Reserved
   58 0000001C 00000000        DCD              0           ; Reserved
   59 00000020 00000000        DCD              0           ; Reserved
   60 00000024 00000000        DCD              0           ; Reserved
   61 00000028 00000000        DCD              0           ; Reserved
   62 0000002C 00000000        DCD              SVC_Handler ; SVCall Handler
   63 00000030 00000000        DCD              0           ; Reserved
   64 00000034 00000000        DCD              0           ; Reserved
   65 00000038 00000000        DCD              PendSV_Handler ; PendSV Handler
                                                            
   66 0000003C 00000000        DCD              SysTick_Handler 
                                                            ; SysTick Handler
   67 00000040         
   68 00000040         ; External Interrupts
   69 00000040         ; maximum of 32 External Interrupts are possible
   70 00000040 00000000        DCD              BOD_IRQHandler
   71 00000044 00000000        DCD              WDT_IRQHandler
   72 00000048 00000000        DCD              EINT024_IRQHandler
   73 0000004C 00000000        DCD              EINT135_IRQHandler
   74 00000050 00000000        DCD              GPAB_IRQHandler
   75 00000054 00000000        DCD              GPCDF_IRQHandler
   76 00000058 00000000        DCD              BPWM0_IRQHandler
   77 0000005C 00000000        DCD              BPWM1_IRQHandler
   78 00000060 00000000        DCD              TMR0_IRQHandler
   79 00000064 00000000        DCD              TMR1_IRQHandler
   80 00000068 00000000        DCD              TMR2_IRQHandler
   81 0000006C 00000000        DCD              TMR3_IRQHandler
   82 00000070 00000000        DCD              UART0_IRQHandler
   83 00000074 00000000        DCD              UART1_IRQHandler
   84 00000078 00000000        DCD              SPI0_IRQHandler
   85 0000007C 00000000        DCD              SPI1_IRQHandler
   86 00000080 00000000        DCD              BPWM2_IRQHandler
   87 00000084 00000000        DCD              BPWM3_IRQHandler
   88 00000088 00000000        DCD              I2C0_IRQHandler
   89 0000008C 00000000        DCD              I2C1_IRQHandler
   90 00000090 00000000        DCD              DEFAULT_IRQHandler
   91 00000094 00000000        DCD              DEFAULT_IRQHandler
   92 00000098 00000000        DCD              DEFAULT_IRQHandler
   93 0000009C 00000000        DCD              USBD_IRQHandler
   94 000000A0 00000000        DCD              DEFAULT_IRQHandler
   95 000000A4 00000000        DCD              DEFAULT_IRQHandler
   96 000000A8 00000000        DCD              PDMA_IRQHandler
   97 000000AC 00000000        DCD              DEFAULT_IRQHandler
   98 000000B0 00000000        DCD              PWRWU_IRQHandler
   99 000000B4 00000000        DCD              ADC_IRQHandler
  100 000000B8 00000000        DCD              CLKDIRC_IRQHandler
  101 000000BC 00000000        DCD              DEFAULT_IRQHandler
  102 000000C0 00000000        DCD              LLSI0_IRQHandler
  103 000000C4 00000000        DCD              LLSI1_IRQHandler
  104 000000C8 00000000        DCD              LLSI2_IRQHandler
  105 000000CC 00000000        DCD              LLSI3_IRQHandler
  106 000000D0 00000000        DCD              LLSI4_IRQHandler
  107 000000D4 00000000        DCD              LLSI5_IRQHandler



ARM Macro Assembler    Page 3 


  108 000000D8 00000000        DCD              LLSI6_IRQHandler
  109 000000DC 00000000        DCD              LLSI7_IRQHandler
  110 000000E0 00000000        DCD              LLSI8_IRQHandler
  111 000000E4 00000000        DCD              LLSI9_IRQHandler
  112 000000E8         
  113 000000E8         
  114 000000E8         
  115 000000E8         __Vectors_End
  116 000000E8         
  117 000000E8 000000E8 
                       __Vectors_Size
                               EQU              __Vectors_End - __Vectors
  118 000000E8         
  119 000000E8                 AREA             |.text|, CODE, READONLY
  120 00000000         
  121 00000000         
  122 00000000         ; Reset Handler
  123 00000000         
  124 00000000         Reset_Handler
                               PROC
  125 00000000                 EXPORT           Reset_Handler             [WEAK
]
  126 00000000                 IMPORT           SystemInit
  127 00000000                 IMPORT           __main
  128 00000000         
  129 00000000         
  130 00000000 480C            LDR              R0, =SystemInit
  131 00000002 4780            BLX              R0
  132 00000004 480C            LDR              R0, =__main
  133 00000006 4700            BX               R0
  134 00000008                 ENDP
  135 00000008         
  136 00000008         
  137 00000008         ; Dummy Exception Handlers (infinite loops which can be 
                       modified)
  138 00000008         
  139 00000008         NMI_Handler
                               PROC
  140 00000008                 EXPORT           NMI_Handler               [WEAK
]
  141 00000008 E7FE            B                .
  142 0000000A                 ENDP
  144 0000000A         HardFault_Handler
                               PROC
  145 0000000A                 IMPORT           ProcessHardFault
  146 0000000A                 EXPORT           HardFault_Handler         [WEAK
]
  147 0000000A 4670            MOV              R0, LR
  148 0000000C F3EF 8108       MRS              R1, MSP
  149 00000010 F3EF 8209       MRS              R2, PSP
  150 00000014 4B09            LDR              R3, =ProcessHardFault
  151 00000016 4798            BLX              R3
  152 00000018 4700            BX               R0
  153 0000001A                 ENDP
  155 0000001A         ProcessHardFaultx
                               PROC
  156 0000001A                 EXPORT           ProcessHardFaultx          [WEA
K]
  157 0000001A E7FE            B                .



ARM Macro Assembler    Page 4 


  158 0000001C                 ENDP
  159 0000001C         SVC_Handler
                               PROC
  160 0000001C                 EXPORT           SVC_Handler               [WEAK
]
  161 0000001C E7FE            B                .
  162 0000001E                 ENDP
  163 0000001E         PendSV_Handler
                               PROC
  164 0000001E                 EXPORT           PendSV_Handler            [WEAK
]
  165 0000001E E7FE            B                .
  166 00000020                 ENDP
  167 00000020         SysTick_Handler
                               PROC
  168 00000020                 EXPORT           SysTick_Handler           [WEAK
]
  169 00000020 E7FE            B                .
  170 00000022                 ENDP
  171 00000022         
  172 00000022         Default_Handler
                               PROC
  173 00000022         
  174 00000022                 EXPORT           BOD_IRQHandler            [WEAK
]
  175 00000022                 EXPORT           WDT_IRQHandler            [WEAK
]
  176 00000022                 EXPORT           EINT024_IRQHandler        [WEAK
]
  177 00000022                 EXPORT           EINT135_IRQHandler        [WEAK
]
  178 00000022                 EXPORT           GPAB_IRQHandler           [WEAK
]
  179 00000022                 EXPORT           GPCDF_IRQHandler          [WEAK
]
  180 00000022                 EXPORT           BPWM0_IRQHandler          [WEAK
]
  181 00000022                 EXPORT           BPWM1_IRQHandler          [WEAK
]
  182 00000022                 EXPORT           TMR0_IRQHandler           [WEAK
]
  183 00000022                 EXPORT           TMR1_IRQHandler           [WEAK
]
  184 00000022                 EXPORT           TMR2_IRQHandler           [WEAK
]
  185 00000022                 EXPORT           TMR3_IRQHandler           [WEAK
]
  186 00000022                 EXPORT           UART0_IRQHandler          [WEAK
]
  187 00000022                 EXPORT           UART1_IRQHandler          [WEAK
]
  188 00000022                 EXPORT           SPI0_IRQHandler           [WEAK
]
  189 00000022                 EXPORT           SPI1_IRQHandler           [WEAK
]
  190 00000022                 EXPORT           BPWM2_IRQHandler          [WEAK
]
  191 00000022                 EXPORT           BPWM3_IRQHandler          [WEAK
]



ARM Macro Assembler    Page 5 


  192 00000022                 EXPORT           I2C0_IRQHandler           [WEAK
]
  193 00000022                 EXPORT           I2C1_IRQHandler           [WEAK
]
  194 00000022                 EXPORT           USBD_IRQHandler           [WEAK
]
  195 00000022                 EXPORT           PDMA_IRQHandler           [WEAK
]
  196 00000022                 EXPORT           PWRWU_IRQHandler          [WEAK
]
  197 00000022                 EXPORT           ADC_IRQHandler            [WEAK
]
  198 00000022                 EXPORT           CLKDIRC_IRQHandler        [WEAK
]
  199 00000022                 EXPORT           LLSI0_IRQHandler          [WEAK
]
  200 00000022                 EXPORT           LLSI1_IRQHandler          [WEAK
]
  201 00000022                 EXPORT           LLSI2_IRQHandler          [WEAK
]
  202 00000022                 EXPORT           LLSI3_IRQHandler          [WEAK
]
  203 00000022                 EXPORT           LLSI4_IRQHandler          [WEAK
]
  204 00000022                 EXPORT           LLSI5_IRQHandler          [WEAK
]
  205 00000022                 EXPORT           LLSI6_IRQHandler          [WEAK
]
  206 00000022                 EXPORT           LLSI7_IRQHandler          [WEAK
]
  207 00000022                 EXPORT           LLSI8_IRQHandler          [WEAK
]
  208 00000022                 EXPORT           LLSI9_IRQHandler          [WEAK
]
  209 00000022                 EXPORT           DEFAULT_IRQHandler    [WEAK]
  210 00000022         
  211 00000022         BOD_IRQHandler
  212 00000022         WDT_IRQHandler
  213 00000022         EINT024_IRQHandler
  214 00000022         EINT135_IRQHandler
  215 00000022         GPAB_IRQHandler
  216 00000022         GPCDF_IRQHandler
  217 00000022         BPWM0_IRQHandler
  218 00000022         BPWM1_IRQHandler
  219 00000022         TMR0_IRQHandler
  220 00000022         TMR1_IRQHandler
  221 00000022         TMR2_IRQHandler
  222 00000022         TMR3_IRQHandler
  223 00000022         UART0_IRQHandler
  224 00000022         UART1_IRQHandler
  225 00000022         SPI0_IRQHandler
  226 00000022         SPI1_IRQHandler
  227 00000022         BPWM2_IRQHandler
  228 00000022         BPWM3_IRQHandler
  229 00000022         I2C0_IRQHandler
  230 00000022         I2C1_IRQHandler
  231 00000022         USBD_IRQHandler
  232 00000022         PDMA_IRQHandler
  233 00000022         PWRWU_IRQHandler



ARM Macro Assembler    Page 6 


  234 00000022         ADC_IRQHandler
  235 00000022         CLKDIRC_IRQHandler
  236 00000022         LLSI0_IRQHandler
  237 00000022         LLSI1_IRQHandler
  238 00000022         LLSI2_IRQHandler
  239 00000022         LLSI3_IRQHandler
  240 00000022         LLSI4_IRQHandler
  241 00000022         LLSI5_IRQHandler
  242 00000022         LLSI6_IRQHandler
  243 00000022         LLSI7_IRQHandler
  244 00000022         LLSI8_IRQHandler
  245 00000022         LLSI9_IRQHandler
  246 00000022         DEFAULT_IRQHandler
  247 00000022 E7FE            B                .
  248 00000024                 ENDP
  249 00000024         
  250 00000024                 ALIGN
  251 00000024         
  252 00000024         
  253 00000024         ; User Initial Stack & Heap
  254 00000024         
  255 00000024                 IF               :DEF:__MICROLIB
  256 00000024         
  257 00000024                 EXPORT           __initial_sp
  258 00000024                 EXPORT           __heap_base
  259 00000024                 EXPORT           __heap_limit
  260 00000024         
  261 00000024                 ELSE
  277                          ENDIF
  278 00000024         
  279 00000024         ;int32_t SH_DoCommand(int32_t n32In_R0, int32_t n32In_R1
                       , int32_t *pn32Out_R0)
  280 00000024         SH_DoCommand
                               PROC
  281 00000024         
  282 00000024                 EXPORT           SH_DoCommand
  283 00000024                 IMPORT           SH_Return
  284 00000024         
  285 00000024 BEAB            BKPT             0xAB        ; Wait ICE or HardF
                                                            ault
  286 00000026 4B06            LDR              R3, =SH_Return
  287 00000028 4674            MOV              R4, lr
  288 0000002A 4798            BLX              R3          ; Call SH_Return. T
                                                            he return value is 
                                                            in R0
  289 0000002C 4720            BX               R4          ; Return value = R0
                                                            
  290 0000002E         
  291 0000002E                 ENDP
  292 0000002E         
  293 0000002E         __PC    PROC
  294 0000002E                 EXPORT           __PC
  295 0000002E         
  296 0000002E 4670            MOV              r0, lr
  297 00000030 47F0            BLX              lr
  298 00000032 00 00           ALIGN
  299 00000034         
  300 00000034                 ENDP
  301 00000034         



ARM Macro Assembler    Page 7 


  302 00000034                 END
              00000000 
              00000000 
              00000000 
              00000000 
Command Line: --debug --xref --diag_suppress=9931 --cpu=Cortex-M23 --depend=.\o
bj\startup_nuc1262.d -o.\obj\startup_nuc1262.o -I.\RTE\_Template -IC:\Keil_v5\A
RM\PACK\Nuvoton\NuMicro_DFP\1.3.12\Device\NUC1262\Include -IC:\Keil_v5\ARM\CMSI
S\Include --predefine="__MICROLIB SETA 1" --predefine="__UVISION_VERSION SETA 5
26" --list=.\lst\startup_nuc1262.lst ..\..\..\Library\Device\Nuvoton\NUC1262\So
urce\ARM\startup_NUC1262.s



ARM Macro Assembler    Page 1 Alphabetic symbol ordering
Relocatable symbols

STACK 00000000

Symbol: STACK
   Definitions
      At line 22 in file ..\..\..\Library\Device\Nuvoton\NUC1262\Source\ARM\sta
rtup_NUC1262.s
   Uses
      None
Comment: STACK unused
Stack_Mem 00000000

Symbol: Stack_Mem
   Definitions
      At line 23 in file ..\..\..\Library\Device\Nuvoton\NUC1262\Source\ARM\sta
rtup_NUC1262.s
   Uses
      None
Comment: Stack_Mem unused
__initial_sp 00000400

Symbol: __initial_sp
   Definitions
      At line 24 in file ..\..\..\Library\Device\Nuvoton\NUC1262\Source\ARM\sta
rtup_NUC1262.s
   Uses
      At line 51 in file ..\..\..\Library\Device\Nuvoton\NUC1262\Source\ARM\sta
rtup_NUC1262.s
      At line 257 in file ..\..\..\Library\Device\Nuvoton\NUC1262\Source\ARM\st
artup_NUC1262.s

3 symbols



ARM Macro Assembler    Page 1 Alphabetic symbol ordering
Relocatable symbols

HEAP 00000000

Symbol: HEAP
   Definitions
      At line 35 in file ..\..\..\Library\Device\Nuvoton\NUC1262\Source\ARM\sta
rtup_NUC1262.s
   Uses
      None
Comment: HEAP unused
Heap_Mem 00000000

Symbol: Heap_Mem
   Definitions
      At line 37 in file ..\..\..\Library\Device\Nuvoton\NUC1262\Source\ARM\sta
rtup_NUC1262.s
   Uses
      None
Comment: Heap_Mem unused
__heap_base 00000000

Symbol: __heap_base
   Definitions
      At line 36 in file ..\..\..\Library\Device\Nuvoton\NUC1262\Source\ARM\sta
rtup_NUC1262.s
   Uses
      At line 258 in file ..\..\..\Library\Device\Nuvoton\NUC1262\Source\ARM\st
artup_NUC1262.s
Comment: __heap_base used once
__heap_limit 00000000

Symbol: __heap_limit
   Definitions
      At line 38 in file ..\..\..\Library\Device\Nuvoton\NUC1262\Source\ARM\sta
rtup_NUC1262.s
   Uses
      At line 259 in file ..\..\..\Library\Device\Nuvoton\NUC1262\Source\ARM\st
artup_NUC1262.s
Comment: __heap_limit used once
4 symbols



ARM Macro Assembler    Page 1 Alphabetic symbol ordering
Relocatable symbols

RESET 00000000

Symbol: RESET
   Definitions
      At line 46 in file ..\..\..\Library\Device\Nuvoton\NUC1262\Source\ARM\sta
rtup_NUC1262.s
   Uses
      None
Comment: RESET unused
__Vectors 00000000

Symbol: __Vectors
   Definitions
      At line 51 in file ..\..\..\Library\Device\Nuvoton\NUC1262\Source\ARM\sta
rtup_NUC1262.s
   Uses
      At line 47 in file ..\..\..\Library\Device\Nuvoton\NUC1262\Source\ARM\sta
rtup_NUC1262.s
      At line 117 in file ..\..\..\Library\Device\Nuvoton\NUC1262\Source\ARM\st
artup_NUC1262.s

__Vectors_End 000000E8

Symbol: __Vectors_End
   Definitions
      At line 115 in file ..\..\..\Library\Device\Nuvoton\NUC1262\Source\ARM\st
artup_NUC1262.s
   Uses
      At line 48 in file ..\..\..\Library\Device\Nuvoton\NUC1262\Source\ARM\sta
rtup_NUC1262.s
      At line 117 in file ..\..\..\Library\Device\Nuvoton\NUC1262\Source\ARM\st
artup_NUC1262.s

3 symbols



ARM Macro Assembler    Page 1 Alphabetic symbol ordering
Relocatable symbols

.text 00000000

Symbol: .text
   Definitions
      At line 119 in file ..\..\..\Library\Device\Nuvoton\NUC1262\Source\ARM\st
artup_NUC1262.s
   Uses
      None
Comment: .text unused
ADC_IRQHandler 00000022

Symbol: ADC_IRQHandler
   Definitions
      At line 234 in file ..\..\..\Library\Device\Nuvoton\NUC1262\Source\ARM\st
artup_NUC1262.s
   Uses
      At line 99 in file ..\..\..\Library\Device\Nuvoton\NUC1262\Source\ARM\sta
rtup_NUC1262.s
      At line 197 in file ..\..\..\Library\Device\Nuvoton\NUC1262\Source\ARM\st
artup_NUC1262.s

BOD_IRQHandler 00000022

Symbol: BOD_IRQHandler
   Definitions
      At line 211 in file ..\..\..\Library\Device\Nuvoton\NUC1262\Source\ARM\st
artup_NUC1262.s
   Uses
      At line 70 in file ..\..\..\Library\Device\Nuvoton\NUC1262\Source\ARM\sta
rtup_NUC1262.s
      At line 174 in file ..\..\..\Library\Device\Nuvoton\NUC1262\Source\ARM\st
artup_NUC1262.s

BPWM0_IRQHandler 00000022

Symbol: BPWM0_IRQHandler
   Definitions
      At line 217 in file ..\..\..\Library\Device\Nuvoton\NUC1262\Source\ARM\st
artup_NUC1262.s
   Uses
      At line 76 in file ..\..\..\Library\Device\Nuvoton\NUC1262\Source\ARM\sta
rtup_NUC1262.s
      At line 180 in file ..\..\..\Library\Device\Nuvoton\NUC1262\Source\ARM\st
artup_NUC1262.s

BPWM1_IRQHandler 00000022

Symbol: BPWM1_IRQHandler
   Definitions
      At line 218 in file ..\..\..\Library\Device\Nuvoton\NUC1262\Source\ARM\st
artup_NUC1262.s
   Uses
      At line 77 in file ..\..\..\Library\Device\Nuvoton\NUC1262\Source\ARM\sta
rtup_NUC1262.s
      At line 181 in file ..\..\..\Library\Device\Nuvoton\NUC1262\Source\ARM\st
artup_NUC1262.s

BPWM2_IRQHandler 00000022




ARM Macro Assembler    Page 2 Alphabetic symbol ordering
Relocatable symbols

Symbol: BPWM2_IRQHandler
   Definitions
      At line 227 in file ..\..\..\Library\Device\Nuvoton\NUC1262\Source\ARM\st
artup_NUC1262.s
   Uses
      At line 86 in file ..\..\..\Library\Device\Nuvoton\NUC1262\Source\ARM\sta
rtup_NUC1262.s
      At line 190 in file ..\..\..\Library\Device\Nuvoton\NUC1262\Source\ARM\st
artup_NUC1262.s

BPWM3_IRQHandler 00000022

Symbol: BPWM3_IRQHandler
   Definitions
      At line 228 in file ..\..\..\Library\Device\Nuvoton\NUC1262\Source\ARM\st
artup_NUC1262.s
   Uses
      At line 87 in file ..\..\..\Library\Device\Nuvoton\NUC1262\Source\ARM\sta
rtup_NUC1262.s
      At line 191 in file ..\..\..\Library\Device\Nuvoton\NUC1262\Source\ARM\st
artup_NUC1262.s

CLKDIRC_IRQHandler 00000022

Symbol: CLKDIRC_IRQHandler
   Definitions
      At line 235 in file ..\..\..\Library\Device\Nuvoton\NUC1262\Source\ARM\st
artup_NUC1262.s
   Uses
      At line 100 in file ..\..\..\Library\Device\Nuvoton\NUC1262\Source\ARM\st
artup_NUC1262.s
      At line 198 in file ..\..\..\Library\Device\Nuvoton\NUC1262\Source\ARM\st
artup_NUC1262.s

DEFAULT_IRQHandler 00000022

Symbol: DEFAULT_IRQHandler
   Definitions
      At line 246 in file ..\..\..\Library\Device\Nuvoton\NUC1262\Source\ARM\st
artup_NUC1262.s
   Uses
      At line 90 in file ..\..\..\Library\Device\Nuvoton\NUC1262\Source\ARM\sta
rtup_NUC1262.s
      At line 91 in file ..\..\..\Library\Device\Nuvoton\NUC1262\Source\ARM\sta
rtup_NUC1262.s
      At line 92 in file ..\..\..\Library\Device\Nuvoton\NUC1262\Source\ARM\sta
rtup_NUC1262.s
      At line 94 in file ..\..\..\Library\Device\Nuvoton\NUC1262\Source\ARM\sta
rtup_NUC1262.s
      At line 95 in file ..\..\..\Library\Device\Nuvoton\NUC1262\Source\ARM\sta
rtup_NUC1262.s
      At line 97 in file ..\..\..\Library\Device\Nuvoton\NUC1262\Source\ARM\sta
rtup_NUC1262.s
      At line 101 in file ..\..\..\Library\Device\Nuvoton\NUC1262\Source\ARM\st
artup_NUC1262.s
      At line 209 in file ..\..\..\Library\Device\Nuvoton\NUC1262\Source\ARM\st
artup_NUC1262.s

Default_Handler 00000022



ARM Macro Assembler    Page 3 Alphabetic symbol ordering
Relocatable symbols


Symbol: Default_Handler
   Definitions
      At line 172 in file ..\..\..\Library\Device\Nuvoton\NUC1262\Source\ARM\st
artup_NUC1262.s
   Uses
      None
Comment: Default_Handler unused
EINT024_IRQHandler 00000022

Symbol: EINT024_IRQHandler
   Definitions
      At line 213 in file ..\..\..\Library\Device\Nuvoton\NUC1262\Source\ARM\st
artup_NUC1262.s
   Uses
      At line 72 in file ..\..\..\Library\Device\Nuvoton\NUC1262\Source\ARM\sta
rtup_NUC1262.s
      At line 176 in file ..\..\..\Library\Device\Nuvoton\NUC1262\Source\ARM\st
artup_NUC1262.s

EINT135_IRQHandler 00000022

Symbol: EINT135_IRQHandler
   Definitions
      At line 214 in file ..\..\..\Library\Device\Nuvoton\NUC1262\Source\ARM\st
artup_NUC1262.s
   Uses
      At line 73 in file ..\..\..\Library\Device\Nuvoton\NUC1262\Source\ARM\sta
rtup_NUC1262.s
      At line 177 in file ..\..\..\Library\Device\Nuvoton\NUC1262\Source\ARM\st
artup_NUC1262.s

GPAB_IRQHandler 00000022

Symbol: GPAB_IRQHandler
   Definitions
      At line 215 in file ..\..\..\Library\Device\Nuvoton\NUC1262\Source\ARM\st
artup_NUC1262.s
   Uses
      At line 74 in file ..\..\..\Library\Device\Nuvoton\NUC1262\Source\ARM\sta
rtup_NUC1262.s
      At line 178 in file ..\..\..\Library\Device\Nuvoton\NUC1262\Source\ARM\st
artup_NUC1262.s

GPCDF_IRQHandler 00000022

Symbol: GPCDF_IRQHandler
   Definitions
      At line 216 in file ..\..\..\Library\Device\Nuvoton\NUC1262\Source\ARM\st
artup_NUC1262.s
   Uses
      At line 75 in file ..\..\..\Library\Device\Nuvoton\NUC1262\Source\ARM\sta
rtup_NUC1262.s
      At line 179 in file ..\..\..\Library\Device\Nuvoton\NUC1262\Source\ARM\st
artup_NUC1262.s

HardFault_Handler 0000000A

Symbol: HardFault_Handler



ARM Macro Assembler    Page 4 Alphabetic symbol ordering
Relocatable symbols

   Definitions
      At line 144 in file ..\..\..\Library\Device\Nuvoton\NUC1262\Source\ARM\st
artup_NUC1262.s
   Uses
      At line 54 in file ..\..\..\Library\Device\Nuvoton\NUC1262\Source\ARM\sta
rtup_NUC1262.s
      At line 146 in file ..\..\..\Library\Device\Nuvoton\NUC1262\Source\ARM\st
artup_NUC1262.s

I2C0_IRQHandler 00000022

Symbol: I2C0_IRQHandler
   Definitions
      At line 229 in file ..\..\..\Library\Device\Nuvoton\NUC1262\Source\ARM\st
artup_NUC1262.s
   Uses
      At line 88 in file ..\..\..\Library\Device\Nuvoton\NUC1262\Source\ARM\sta
rtup_NUC1262.s
      At line 192 in file ..\..\..\Library\Device\Nuvoton\NUC1262\Source\ARM\st
artup_NUC1262.s

I2C1_IRQHandler 00000022

Symbol: I2C1_IRQHandler
   Definitions
      At line 230 in file ..\..\..\Library\Device\Nuvoton\NUC1262\Source\ARM\st
artup_NUC1262.s
   Uses
      At line 89 in file ..\..\..\Library\Device\Nuvoton\NUC1262\Source\ARM\sta
rtup_NUC1262.s
      At line 193 in file ..\..\..\Library\Device\Nuvoton\NUC1262\Source\ARM\st
artup_NUC1262.s

LLSI0_IRQHandler 00000022

Symbol: LLSI0_IRQHandler
   Definitions
      At line 236 in file ..\..\..\Library\Device\Nuvoton\NUC1262\Source\ARM\st
artup_NUC1262.s
   Uses
      At line 102 in file ..\..\..\Library\Device\Nuvoton\NUC1262\Source\ARM\st
artup_NUC1262.s
      At line 199 in file ..\..\..\Library\Device\Nuvoton\NUC1262\Source\ARM\st
artup_NUC1262.s

LLSI1_IRQHandler 00000022

Symbol: LLSI1_IRQHandler
   Definitions
      At line 237 in file ..\..\..\Library\Device\Nuvoton\NUC1262\Source\ARM\st
artup_NUC1262.s
   Uses
      At line 103 in file ..\..\..\Library\Device\Nuvoton\NUC1262\Source\ARM\st
artup_NUC1262.s
      At line 200 in file ..\..\..\Library\Device\Nuvoton\NUC1262\Source\ARM\st
artup_NUC1262.s

LLSI2_IRQHandler 00000022




ARM Macro Assembler    Page 5 Alphabetic symbol ordering
Relocatable symbols

Symbol: LLSI2_IRQHandler
   Definitions
      At line 238 in file ..\..\..\Library\Device\Nuvoton\NUC1262\Source\ARM\st
artup_NUC1262.s
   Uses
      At line 104 in file ..\..\..\Library\Device\Nuvoton\NUC1262\Source\ARM\st
artup_NUC1262.s
      At line 201 in file ..\..\..\Library\Device\Nuvoton\NUC1262\Source\ARM\st
artup_NUC1262.s

LLSI3_IRQHandler 00000022

Symbol: LLSI3_IRQHandler
   Definitions
      At line 239 in file ..\..\..\Library\Device\Nuvoton\NUC1262\Source\ARM\st
artup_NUC1262.s
   Uses
      At line 105 in file ..\..\..\Library\Device\Nuvoton\NUC1262\Source\ARM\st
artup_NUC1262.s
      At line 202 in file ..\..\..\Library\Device\Nuvoton\NUC1262\Source\ARM\st
artup_NUC1262.s

LLSI4_IRQHandler 00000022

Symbol: LLSI4_IRQHandler
   Definitions
      At line 240 in file ..\..\..\Library\Device\Nuvoton\NUC1262\Source\ARM\st
artup_NUC1262.s
   Uses
      At line 106 in file ..\..\..\Library\Device\Nuvoton\NUC1262\Source\ARM\st
artup_NUC1262.s
      At line 203 in file ..\..\..\Library\Device\Nuvoton\NUC1262\Source\ARM\st
artup_NUC1262.s

LLSI5_IRQHandler 00000022

Symbol: LLSI5_IRQHandler
   Definitions
      At line 241 in file ..\..\..\Library\Device\Nuvoton\NUC1262\Source\ARM\st
artup_NUC1262.s
   Uses
      At line 107 in file ..\..\..\Library\Device\Nuvoton\NUC1262\Source\ARM\st
artup_NUC1262.s
      At line 204 in file ..\..\..\Library\Device\Nuvoton\NUC1262\Source\ARM\st
artup_NUC1262.s

LLSI6_IRQHandler 00000022

Symbol: LLSI6_IRQHandler
   Definitions
      At line 242 in file ..\..\..\Library\Device\Nuvoton\NUC1262\Source\ARM\st
artup_NUC1262.s
   Uses
      At line 108 in file ..\..\..\Library\Device\Nuvoton\NUC1262\Source\ARM\st
artup_NUC1262.s
      At line 205 in file ..\..\..\Library\Device\Nuvoton\NUC1262\Source\ARM\st
artup_NUC1262.s

LLSI7_IRQHandler 00000022



ARM Macro Assembler    Page 6 Alphabetic symbol ordering
Relocatable symbols


Symbol: LLSI7_IRQHandler
   Definitions
      At line 243 in file ..\..\..\Library\Device\Nuvoton\NUC1262\Source\ARM\st
artup_NUC1262.s
   Uses
      At line 109 in file ..\..\..\Library\Device\Nuvoton\NUC1262\Source\ARM\st
artup_NUC1262.s
      At line 206 in file ..\..\..\Library\Device\Nuvoton\NUC1262\Source\ARM\st
artup_NUC1262.s

LLSI8_IRQHandler 00000022

Symbol: LLSI8_IRQHandler
   Definitions
      At line 244 in file ..\..\..\Library\Device\Nuvoton\NUC1262\Source\ARM\st
artup_NUC1262.s
   Uses
      At line 110 in file ..\..\..\Library\Device\Nuvoton\NUC1262\Source\ARM\st
artup_NUC1262.s
      At line 207 in file ..\..\..\Library\Device\Nuvoton\NUC1262\Source\ARM\st
artup_NUC1262.s

LLSI9_IRQHandler 00000022

Symbol: LLSI9_IRQHandler
   Definitions
      At line 245 in file ..\..\..\Library\Device\Nuvoton\NUC1262\Source\ARM\st
artup_NUC1262.s
   Uses
      At line 111 in file ..\..\..\Library\Device\Nuvoton\NUC1262\Source\ARM\st
artup_NUC1262.s
      At line 208 in file ..\..\..\Library\Device\Nuvoton\NUC1262\Source\ARM\st
artup_NUC1262.s

NMI_Handler 00000008

Symbol: NMI_Handler
   Definitions
      At line 139 in file ..\..\..\Library\Device\Nuvoton\NUC1262\Source\ARM\st
artup_NUC1262.s
   Uses
      At line 53 in file ..\..\..\Library\Device\Nuvoton\NUC1262\Source\ARM\sta
rtup_NUC1262.s
      At line 140 in file ..\..\..\Library\Device\Nuvoton\NUC1262\Source\ARM\st
artup_NUC1262.s

PDMA_IRQHandler 00000022

Symbol: PDMA_IRQHandler
   Definitions
      At line 232 in file ..\..\..\Library\Device\Nuvoton\NUC1262\Source\ARM\st
artup_NUC1262.s
   Uses
      At line 96 in file ..\..\..\Library\Device\Nuvoton\NUC1262\Source\ARM\sta
rtup_NUC1262.s
      At line 195 in file ..\..\..\Library\Device\Nuvoton\NUC1262\Source\ARM\st
artup_NUC1262.s




ARM Macro Assembler    Page 7 Alphabetic symbol ordering
Relocatable symbols

PWRWU_IRQHandler 00000022

Symbol: PWRWU_IRQHandler
   Definitions
      At line 233 in file ..\..\..\Library\Device\Nuvoton\NUC1262\Source\ARM\st
artup_NUC1262.s
   Uses
      At line 98 in file ..\..\..\Library\Device\Nuvoton\NUC1262\Source\ARM\sta
rtup_NUC1262.s
      At line 196 in file ..\..\..\Library\Device\Nuvoton\NUC1262\Source\ARM\st
artup_NUC1262.s

PendSV_Handler 0000001E

Symbol: PendSV_Handler
   Definitions
      At line 163 in file ..\..\..\Library\Device\Nuvoton\NUC1262\Source\ARM\st
artup_NUC1262.s
   Uses
      At line 65 in file ..\..\..\Library\Device\Nuvoton\NUC1262\Source\ARM\sta
rtup_NUC1262.s
      At line 164 in file ..\..\..\Library\Device\Nuvoton\NUC1262\Source\ARM\st
artup_NUC1262.s

ProcessHardFaultx 0000001A

Symbol: ProcessHardFaultx
   Definitions
      At line 155 in file ..\..\..\Library\Device\Nuvoton\NUC1262\Source\ARM\st
artup_NUC1262.s
   Uses
      At line 156 in file ..\..\..\Library\Device\Nuvoton\NUC1262\Source\ARM\st
artup_NUC1262.s
Comment: ProcessHardFaultx used once
Reset_Handler 00000000

Symbol: Reset_Handler
   Definitions
      At line 124 in file ..\..\..\Library\Device\Nuvoton\NUC1262\Source\ARM\st
artup_NUC1262.s
   Uses
      At line 52 in file ..\..\..\Library\Device\Nuvoton\NUC1262\Source\ARM\sta
rtup_NUC1262.s
      At line 125 in file ..\..\..\Library\Device\Nuvoton\NUC1262\Source\ARM\st
artup_NUC1262.s

SH_DoCommand 00000024

Symbol: SH_DoCommand
   Definitions
      At line 280 in file ..\..\..\Library\Device\Nuvoton\NUC1262\Source\ARM\st
artup_NUC1262.s
   Uses
      At line 282 in file ..\..\..\Library\Device\Nuvoton\NUC1262\Source\ARM\st
artup_NUC1262.s
Comment: SH_DoCommand used once
SPI0_IRQHandler 00000022

Symbol: SPI0_IRQHandler



ARM Macro Assembler    Page 8 Alphabetic symbol ordering
Relocatable symbols

   Definitions
      At line 225 in file ..\..\..\Library\Device\Nuvoton\NUC1262\Source\ARM\st
artup_NUC1262.s
   Uses
      At line 84 in file ..\..\..\Library\Device\Nuvoton\NUC1262\Source\ARM\sta
rtup_NUC1262.s
      At line 188 in file ..\..\..\Library\Device\Nuvoton\NUC1262\Source\ARM\st
artup_NUC1262.s

SPI1_IRQHandler 00000022

Symbol: SPI1_IRQHandler
   Definitions
      At line 226 in file ..\..\..\Library\Device\Nuvoton\NUC1262\Source\ARM\st
artup_NUC1262.s
   Uses
      At line 85 in file ..\..\..\Library\Device\Nuvoton\NUC1262\Source\ARM\sta
rtup_NUC1262.s
      At line 189 in file ..\..\..\Library\Device\Nuvoton\NUC1262\Source\ARM\st
artup_NUC1262.s

SVC_Handler 0000001C

Symbol: SVC_Handler
   Definitions
      At line 159 in file ..\..\..\Library\Device\Nuvoton\NUC1262\Source\ARM\st
artup_NUC1262.s
   Uses
      At line 62 in file ..\..\..\Library\Device\Nuvoton\NUC1262\Source\ARM\sta
rtup_NUC1262.s
      At line 160 in file ..\..\..\Library\Device\Nuvoton\NUC1262\Source\ARM\st
artup_NUC1262.s

SysTick_Handler 00000020

Symbol: SysTick_Handler
   Definitions
      At line 167 in file ..\..\..\Library\Device\Nuvoton\NUC1262\Source\ARM\st
artup_NUC1262.s
   Uses
      At line 66 in file ..\..\..\Library\Device\Nuvoton\NUC1262\Source\ARM\sta
rtup_NUC1262.s
      At line 168 in file ..\..\..\Library\Device\Nuvoton\NUC1262\Source\ARM\st
artup_NUC1262.s

TMR0_IRQHandler 00000022

Symbol: TMR0_IRQHandler
   Definitions
      At line 219 in file ..\..\..\Library\Device\Nuvoton\NUC1262\Source\ARM\st
artup_NUC1262.s
   Uses
      At line 78 in file ..\..\..\Library\Device\Nuvoton\NUC1262\Source\ARM\sta
rtup_NUC1262.s
      At line 182 in file ..\..\..\Library\Device\Nuvoton\NUC1262\Source\ARM\st
artup_NUC1262.s

TMR1_IRQHandler 00000022




ARM Macro Assembler    Page 9 Alphabetic symbol ordering
Relocatable symbols

Symbol: TMR1_IRQHandler
   Definitions
      At line 220 in file ..\..\..\Library\Device\Nuvoton\NUC1262\Source\ARM\st
artup_NUC1262.s
   Uses
      At line 79 in file ..\..\..\Library\Device\Nuvoton\NUC1262\Source\ARM\sta
rtup_NUC1262.s
      At line 183 in file ..\..\..\Library\Device\Nuvoton\NUC1262\Source\ARM\st
artup_NUC1262.s

TMR2_IRQHandler 00000022

Symbol: TMR2_IRQHandler
   Definitions
      At line 221 in file ..\..\..\Library\Device\Nuvoton\NUC1262\Source\ARM\st
artup_NUC1262.s
   Uses
      At line 80 in file ..\..\..\Library\Device\Nuvoton\NUC1262\Source\ARM\sta
rtup_NUC1262.s
      At line 184 in file ..\..\..\Library\Device\Nuvoton\NUC1262\Source\ARM\st
artup_NUC1262.s

TMR3_IRQHandler 00000022

Symbol: TMR3_IRQHandler
   Definitions
      At line 222 in file ..\..\..\Library\Device\Nuvoton\NUC1262\Source\ARM\st
artup_NUC1262.s
   Uses
      At line 81 in file ..\..\..\Library\Device\Nuvoton\NUC1262\Source\ARM\sta
rtup_NUC1262.s
      At line 185 in file ..\..\..\Library\Device\Nuvoton\NUC1262\Source\ARM\st
artup_NUC1262.s

UART0_IRQHandler 00000022

Symbol: UART0_IRQHandler
   Definitions
      At line 223 in file ..\..\..\Library\Device\Nuvoton\NUC1262\Source\ARM\st
artup_NUC1262.s
   Uses
      At line 82 in file ..\..\..\Library\Device\Nuvoton\NUC1262\Source\ARM\sta
rtup_NUC1262.s
      At line 186 in file ..\..\..\Library\Device\Nuvoton\NUC1262\Source\ARM\st
artup_NUC1262.s

UART1_IRQHandler 00000022

Symbol: UART1_IRQHandler
   Definitions
      At line 224 in file ..\..\..\Library\Device\Nuvoton\NUC1262\Source\ARM\st
artup_NUC1262.s
   Uses
      At line 83 in file ..\..\..\Library\Device\Nuvoton\NUC1262\Source\ARM\sta
rtup_NUC1262.s
      At line 187 in file ..\..\..\Library\Device\Nuvoton\NUC1262\Source\ARM\st
artup_NUC1262.s

USBD_IRQHandler 00000022



ARM Macro Assembler    Page 10 Alphabetic symbol ordering
Relocatable symbols


Symbol: USBD_IRQHandler
   Definitions
      At line 231 in file ..\..\..\Library\Device\Nuvoton\NUC1262\Source\ARM\st
artup_NUC1262.s
   Uses
      At line 93 in file ..\..\..\Library\Device\Nuvoton\NUC1262\Source\ARM\sta
rtup_NUC1262.s
      At line 194 in file ..\..\..\Library\Device\Nuvoton\NUC1262\Source\ARM\st
artup_NUC1262.s

WDT_IRQHandler 00000022

Symbol: WDT_IRQHandler
   Definitions
      At line 212 in file ..\..\..\Library\Device\Nuvoton\NUC1262\Source\ARM\st
artup_NUC1262.s
   Uses
      At line 71 in file ..\..\..\Library\Device\Nuvoton\NUC1262\Source\ARM\sta
rtup_NUC1262.s
      At line 175 in file ..\..\..\Library\Device\Nuvoton\NUC1262\Source\ARM\st
artup_NUC1262.s

__PC 0000002E

Symbol: __PC
   Definitions
      At line 293 in file ..\..\..\Library\Device\Nuvoton\NUC1262\Source\ARM\st
artup_NUC1262.s
   Uses
      At line 294 in file ..\..\..\Library\Device\Nuvoton\NUC1262\Source\ARM\st
artup_NUC1262.s
Comment: __PC used once
47 symbols



ARM Macro Assembler    Page 1 Alphabetic symbol ordering
Absolute symbols

Heap_Size 00000000

Symbol: Heap_Size
   Definitions
      At line 32 in file ..\..\..\Library\Device\Nuvoton\NUC1262\Source\ARM\sta
rtup_NUC1262.s
   Uses
      At line 37 in file ..\..\..\Library\Device\Nuvoton\NUC1262\Source\ARM\sta
rtup_NUC1262.s
Comment: Heap_Size used once
Stack_Size 00000400

Symbol: Stack_Size
   Definitions
      At line 19 in file ..\..\..\Library\Device\Nuvoton\NUC1262\Source\ARM\sta
rtup_NUC1262.s
   Uses
      At line 23 in file ..\..\..\Library\Device\Nuvoton\NUC1262\Source\ARM\sta
rtup_NUC1262.s
Comment: Stack_Size used once
__Vectors_Size 000000E8

Symbol: __Vectors_Size
   Definitions
      At line 117 in file ..\..\..\Library\Device\Nuvoton\NUC1262\Source\ARM\st
artup_NUC1262.s
   Uses
      At line 49 in file ..\..\..\Library\Device\Nuvoton\NUC1262\Source\ARM\sta
rtup_NUC1262.s
Comment: __Vectors_Size used once
3 symbols



ARM Macro Assembler    Page 1 Alphabetic symbol ordering
External symbols

ProcessHardFault 00000000

Symbol: ProcessHardFault
   Definitions
      At line 145 in file ..\..\..\Library\Device\Nuvoton\NUC1262\Source\ARM\st
artup_NUC1262.s
   Uses
      At line 150 in file ..\..\..\Library\Device\Nuvoton\NUC1262\Source\ARM\st
artup_NUC1262.s
Comment: ProcessHardFault used once
SH_Return 00000000

Symbol: SH_Return
   Definitions
      At line 283 in file ..\..\..\Library\Device\Nuvoton\NUC1262\Source\ARM\st
artup_NUC1262.s
   Uses
      At line 286 in file ..\..\..\Library\Device\Nuvoton\NUC1262\Source\ARM\st
artup_NUC1262.s
Comment: SH_Return used once
SystemInit 00000000

Symbol: SystemInit
   Definitions
      At line 126 in file ..\..\..\Library\Device\Nuvoton\NUC1262\Source\ARM\st
artup_NUC1262.s
   Uses
      At line 130 in file ..\..\..\Library\Device\Nuvoton\NUC1262\Source\ARM\st
artup_NUC1262.s
Comment: SystemInit used once
__main 00000000

Symbol: __main
   Definitions
      At line 127 in file ..\..\..\Library\Device\Nuvoton\NUC1262\Source\ARM\st
artup_NUC1262.s
   Uses
      At line 132 in file ..\..\..\Library\Device\Nuvoton\NUC1262\Source\ARM\st
artup_NUC1262.s
Comment: __main used once
4 symbols
400 symbols in table
